[debug] [2026-04-24T01:51:51.418Z] ----------------------------------------------------------------------
[debug] [2026-04-24T01:51:51.422Z] Command:       /usr/local/Cellar/node/24.2.0/bin/node /usr/local/bin/firebase deploy
[debug] [2026-04-24T01:51:51.422Z] CLI Version:   14.19.1
[debug] [2026-04-24T01:51:51.423Z] Platform:      darwin
[debug] [2026-04-24T01:51:51.423Z] Node Version:  v24.2.0
[debug] [2026-04-24T01:51:51.423Z] Time:          Fri Apr 24 2026 01:51:51 GMT+0000 (Greenwich Mean Time)
[debug] [2026-04-24T01:51:51.423Z] ----------------------------------------------------------------------
[debug] 
[debug] [2026-04-24T01:51:51.691Z] > command requires scopes: ["email","openid","https://www.googleapis.com/auth/cloudplatformprojects.readonly","https://www.googleapis.com/auth/firebase","https://www.googleapis.com/auth/cloud-platform"]
[debug] [2026-04-24T01:51:51.691Z] > authorizing via signed-in user (yjbdanquah@gmail.com)
[debug] [2026-04-24T01:51:51.691Z] [iam] checking project linkifyurl for permissions ["cloudfunctions.functions.create","cloudfunctions.functions.delete","cloudfunctions.functions.get","cloudfunctions.functions.list","cloudfunctions.functions.update","cloudfunctions.operations.get","datastore.indexes.create","datastore.indexes.delete","datastore.indexes.list","datastore.indexes.update","firebase.projects.get","firebasehosting.sites.update","firebaserules.releases.create","firebaserules.releases.update","firebaserules.rulesets.create"]
[debug] [2026-04-24T01:51:51.692Z] Checked if tokens are valid: true, expires at: 1776997897554
[debug] [2026-04-24T01:51:51.693Z] Checked if tokens are valid: true, expires at: 1776997897554
[debug] [2026-04-24T01:51:51.694Z] >>> [apiv2][query] POST https://cloudresourcemanager.googleapis.com/v1/projects/linkifyurl:testIamPermissions [none]
[debug] [2026-04-24T01:51:51.694Z] >>> [apiv2][(partial)header] POST https://cloudresourcemanager.googleapis.com/v1/projects/linkifyurl:testIamPermissions x-goog-quota-user=projects/linkifyurl
[debug] [2026-04-24T01:51:51.694Z] >>> [apiv2][body] POST https://cloudresourcemanager.googleapis.com/v1/projects/linkifyurl:testIamPermissions {"permissions":["cloudfunctions.functions.create","cloudfunctions.functions.delete","cloudfunctions.functions.get","cloudfunctions.functions.list","cloudfunctions.functions.update","cloudfunctions.operations.get","datastore.indexes.create","datastore.indexes.delete","datastore.indexes.list","datastore.indexes.update","firebase.projects.get","firebasehosting.sites.update","firebaserules.releases.create","firebaserules.releases.update","firebaserules.rulesets.create"]}
[debug] [2026-04-24T01:51:53.109Z] <<< [apiv2][status] POST https://cloudresourcemanager.googleapis.com/v1/projects/linkifyurl:testIamPermissions 200
[debug] [2026-04-24T01:51:53.110Z] <<< [apiv2][body] POST https://cloudresourcemanager.googleapis.com/v1/projects/linkifyurl:testIamPermissions {"permissions":["cloudfunctions.functions.create","cloudfunctions.functions.delete","cloudfunctions.functions.get","cloudfunctions.functions.list","cloudfunctions.functions.update","cloudfunctions.operations.get","datastore.indexes.create","datastore.indexes.delete","datastore.indexes.list","datastore.indexes.update","firebase.projects.get","firebasehosting.sites.update","firebaserules.releases.create","firebaserules.releases.update","firebaserules.rulesets.create"]}
[debug] [2026-04-24T01:51:53.110Z] Checked if tokens are valid: true, expires at: 1776997897554
[debug] [2026-04-24T01:51:53.110Z] Checked if tokens are valid: true, expires at: 1776997897554
[debug] [2026-04-24T01:51:53.110Z] >>> [apiv2][query] POST https://iam.googleapis.com/v1/projects/linkifyurl/serviceAccounts/linkifyurl@appspot.gserviceaccount.com:testIamPermissions [none]
[debug] [2026-04-24T01:51:53.110Z] >>> [apiv2][body] POST https://iam.googleapis.com/v1/projects/linkifyurl/serviceAccounts/linkifyurl@appspot.gserviceaccount.com:testIamPermissions {"permissions":["iam.serviceAccounts.actAs"]}
[debug] [2026-04-24T01:51:54.532Z] <<< [apiv2][status] POST https://iam.googleapis.com/v1/projects/linkifyurl/serviceAccounts/linkifyurl@appspot.gserviceaccount.com:testIamPermissions 404
[debug] [2026-04-24T01:51:54.532Z] <<< [apiv2][body] POST https://iam.googleapis.com/v1/projects/linkifyurl/serviceAccounts/linkifyurl@appspot.gserviceaccount.com:testIamPermissions {"error":{"code":404,"message":"Unknown service account","status":"NOT_FOUND"}}
[debug] [2026-04-24T01:51:54.532Z] [functions] service account IAM check errored, deploy may fail: Request to https://iam.googleapis.com/v1/projects/linkifyurl/serviceAccounts/linkifyurl@appspot.gserviceaccount.com:testIamPermissions had HTTP Error: 404, Unknown service account {"name":"FirebaseError","children":[],"context":{"body":{"error":{"code":404,"message":"Unknown service account","status":"NOT_FOUND"}},"response":{"statusCode":404}},"exit":1,"message":"Request to https://iam.googleapis.com/v1/projects/linkifyurl/serviceAccounts/linkifyurl@appspot.gserviceaccount.com:testIamPermissions had HTTP Error: 404, Unknown service account","status":404}
[debug] [2026-04-24T01:51:54.533Z] Checked if tokens are valid: true, expires at: 1776997897554
[debug] [2026-04-24T01:51:54.533Z] Checked if tokens are valid: true, expires at: 1776997897554
[debug] [2026-04-24T01:51:54.533Z] >>> [apiv2][query] GET https://firebase.googleapis.com/v1beta1/projects/linkifyurl [none]
[debug] [2026-04-24T01:51:55.248Z] <<< [apiv2][status] GET https://firebase.googleapis.com/v1beta1/projects/linkifyurl 200
[debug] [2026-04-24T01:51:55.248Z] <<< [apiv2][body] GET https://firebase.googleapis.com/v1beta1/projects/linkifyurl {"projectId":"linkifyurl","projectNumber":"296797983995","displayName":"iNNkie","name":"projects/linkifyurl","resources":{"hostingSite":"linkifyurl"},"state":"ACTIVE","etag":"1_decf1577-ee51-4e19-954d-ead2118eb356"}
[info] 
[info] === Deploying to 'linkifyurl'...
[info] 
[info] i  deploying storage, firestore, functions, hosting 
[info] Running command: npm run build -w shared-models
[info] Running command: mkdir -p functions/libs/shared-models
[info] Running command: cp -r shared-models/dist functions/libs/shared-models/
[info] Running command: cp shared-models/package.json functions/libs/shared-models/
[info] Running command: npm --prefix "$RESOURCE_DIR" run build
[info] ✔  functions: Finished running predeploy script. 
[info] i  storage: ensuring required API firebasestorage.googleapis.com is enabled... 
[debug] [2026-04-24T01:52:00.817Z] Checked if tokens are valid: true, expires at: 1776997897554
[debug] [2026-04-24T01:52:00.817Z] Checked if tokens are valid: true, expires at: 1776997897554
[debug] [2026-04-24T01:52:00.817Z] >>> [apiv2][query] GET https://firebasestorage.googleapis.com/v1alpha/projects/linkifyurl/defaultBucket [none]
[debug] [2026-04-24T01:52:01.814Z] <<< [apiv2][status] GET https://firebasestorage.googleapis.com/v1alpha/projects/linkifyurl/defaultBucket 200
[debug] [2026-04-24T01:52:01.814Z] <<< [apiv2][body] GET https://firebasestorage.googleapis.com/v1alpha/projects/linkifyurl/defaultBucket {"name":"projects/linkifyurl/defaultBucket","location":"US-CENTRAL1","bucket":{"name":"projects/linkifyurl/buckets/linkifyurl.firebasestorage.app"},"storageClass":"REGIONAL"}
[info] i  firebase.storage: checking storage.rules for compilation errors... 
[debug] [2026-04-24T01:52:01.816Z] Checked if tokens are valid: true, expires at: 1776997897554
[debug] [2026-04-24T01:52:01.816Z] Checked if tokens are valid: true, expires at: 1776997897554
[debug] [2026-04-24T01:52:01.816Z] >>> [apiv2][query] POST https://firebaserules.googleapis.com/v1/projects/linkifyurl:test [none]
[debug] [2026-04-24T01:52:01.816Z] >>> [apiv2][body] POST https://firebaserules.googleapis.com/v1/projects/linkifyurl:test [omitted]
[debug] [2026-04-24T01:52:02.972Z] <<< [apiv2][status] POST https://firebaserules.googleapis.com/v1/projects/linkifyurl:test 200
[debug] [2026-04-24T01:52:02.972Z] <<< [apiv2][body] POST https://firebaserules.googleapis.com/v1/projects/linkifyurl:test {}
[info] ✔  firebase.storage: rules file storage.rules compiled successfully 
[info] i  firestore: ensuring required API firestore.googleapis.com is enabled... 
[info] i  firestore: ensuring required API firestore.googleapis.com is enabled... 
[debug] [2026-04-24T01:52:02.974Z] Checked if tokens are valid: true, expires at: 1776997897554
[debug] [2026-04-24T01:52:02.974Z] Checked if tokens are valid: true, expires at: 1776997897554
[debug] [2026-04-24T01:52:02.974Z] >>> [apiv2][query] GET https://firestore.googleapis.com/v1/projects/linkifyurl/databases/(default) [none]
[debug] [2026-04-24T01:52:04.436Z] <<< [apiv2][status] GET https://firestore.googleapis.com/v1/projects/linkifyurl/databases/(default) 200
[debug] [2026-04-24T01:52:04.437Z] <<< [apiv2][body] GET https://firestore.googleapis.com/v1/projects/linkifyurl/databases/(default) {"name":"projects/linkifyurl/databases/(default)","uid":"b03c2a94-62a0-4380-9910-ce2981098dd4","createTime":"2025-09-25T00:12:49.896635Z","updateTime":"2025-09-25T00:12:49.896635Z","locationId":"nam5","type":"FIRESTORE_NATIVE","concurrencyMode":"PESSIMISTIC","versionRetentionPeriod":"3600s","earliestVersionTime":"2026-04-24T00:52:04.570011Z","appEngineIntegrationMode":"DISABLED","keyPrefix":"s","pointInTimeRecoveryEnablement":"POINT_IN_TIME_RECOVERY_DISABLED","deleteProtectionState":"DELETE_PROTECTION_DISABLED","databaseEdition":"STANDARD","freeTier":true,"realtimeUpdatesMode":"REALTIME_UPDATES_MODE_ENABLED","etag":"IKDSiZiwhZQDMIbli52u5pID"}
[info] i  firestore: reading indexes from firestore.indexes.json... 
[info] i  cloud.firestore: checking firestore.rules for compilation errors... 
[debug] [2026-04-24T01:52:04.439Z] Checked if tokens are valid: true, expires at: 1776997897554
[debug] [2026-04-24T01:52:04.439Z] Checked if tokens are valid: true, expires at: 1776997897554
[debug] [2026-04-24T01:52:04.439Z] >>> [apiv2][query] POST https://firebaserules.googleapis.com/v1/projects/linkifyurl:test [none]
[debug] [2026-04-24T01:52:04.439Z] >>> [apiv2][body] POST https://firebaserules.googleapis.com/v1/projects/linkifyurl:test [omitted]
[debug] [2026-04-24T01:52:04.740Z] <<< [apiv2][status] POST https://firebaserules.googleapis.com/v1/projects/linkifyurl:test 200
[debug] [2026-04-24T01:52:04.740Z] <<< [apiv2][body] POST https://firebaserules.googleapis.com/v1/projects/linkifyurl:test {}
[info] ✔  cloud.firestore: rules file firestore.rules compiled successfully 
[debug] [2026-04-24T01:52:04.741Z] Checked if tokens are valid: true, expires at: 1776997897554
[debug] [2026-04-24T01:52:04.741Z] Checked if tokens are valid: true, expires at: 1776997897554
[debug] [2026-04-24T01:52:04.741Z] >>> [apiv2][query] GET https://cloudresourcemanager.googleapis.com/v1/projects/linkifyurl [none]
[debug] [2026-04-24T01:52:06.032Z] <<< [apiv2][status] GET https://cloudresourcemanager.googleapis.com/v1/projects/linkifyurl 200
[debug] [2026-04-24T01:52:06.033Z] <<< [apiv2][body] GET https://cloudresourcemanager.googleapis.com/v1/projects/linkifyurl {"projectNumber":"296797983995","projectId":"linkifyurl","lifecycleState":"ACTIVE","name":"iNNkie","labels":{"firebase":"enabled","firebase-core":"disabled"},"createTime":"2025-09-25T00:06:14.164017Z"}
[info] i  functions: preparing codebase default for deployment 
[info] i  functions: ensuring required API cloudfunctions.googleapis.com is enabled... 
[info] i  functions: ensuring required API cloudbuild.googleapis.com is enabled... 
[info] i  artifactregistry: ensuring required API artifactregistry.googleapis.com is enabled... 
[debug] [2026-04-24T01:52:06.036Z] Checked if tokens are valid: true, expires at: 1776997897554
[debug] [2026-04-24T01:52:06.036Z] Checked if tokens are valid: true, expires at: 1776997897554
[debug] [2026-04-24T01:52:06.036Z] >>> [apiv2][query] GET https://firebase.googleapis.com/v1beta1/projects/linkifyurl/adminSdkConfig [none]
[debug] [2026-04-24T01:52:06.780Z] <<< [apiv2][status] GET https://firebase.googleapis.com/v1beta1/projects/linkifyurl/adminSdkConfig 200
[debug] [2026-04-24T01:52:06.780Z] <<< [apiv2][body] GET https://firebase.googleapis.com/v1beta1/projects/linkifyurl/adminSdkConfig {"projectId":"linkifyurl","storageBucket":"linkifyurl.firebasestorage.app"}
[debug] [2026-04-24T01:52:06.781Z] Checked if tokens are valid: true, expires at: 1776997897554
[debug] [2026-04-24T01:52:06.781Z] Checked if tokens are valid: true, expires at: 1776997897554
[debug] [2026-04-24T01:52:06.781Z] >>> [apiv2][query] GET https://runtimeconfig.googleapis.com/v1beta1/projects/linkifyurl/configs [none]
[debug] [2026-04-24T01:52:07.517Z] <<< [apiv2][status] GET https://runtimeconfig.googleapis.com/v1beta1/projects/linkifyurl/configs 200
[debug] [2026-04-24T01:52:07.518Z] <<< [apiv2][body] GET https://runtimeconfig.googleapis.com/v1beta1/projects/linkifyurl/configs {}
[debug] [2026-04-24T01:52:07.520Z] Validating nodejs source
[warn] ⚠  functions: package.json indicates an outdated version of firebase-functions. Please upgrade using npm install --save firebase-functions@latest in your functions directory. 
[warn] ⚠  functions: Please note that there will be breaking changes when you upgrade. 
[debug] [2026-04-24T01:52:08.771Z] > [functions] package.json contents: {
  "name": "functions",
  "scripts": {
    "lint": "eslint --ext .js,.ts .",
    "build": "tsc",
    "build:watch": "tsc --watch",
    "serve": "npm run build && firebase emulators:start --only functions",
    "shell": "npm run build && firebase functions:shell",
    "start": "npm run shell",
    "deploy": "firebase deploy --only functions",
    "logs": "firebase functions:log"
  },
  "engines": {
    "node": "22"
  },
  "main": "lib/index.js",
  "dependencies": {
    "@innkie/shared-models": "file:./libs/shared-models",
    "firebase-admin": "^13.5.0",
    "firebase-functions": "^6.5.0",
    "nodemailer": "^7.0.9"
  },
  "devDependencies": {
    "@types/nodemailer": "^7.0.2",
    "@typescript-eslint/eslint-plugin": "^5.12.0",
    "@typescript-eslint/parser": "^5.12.0",
    "eslint": "^8.57.1",
    "eslint-config-google": "^0.14.0",
    "eslint-plugin-import": "^2.25.4",
    "firebase-functions-test": "^3.1.0",
    "globals": "^16.4.0",
    "typescript": "^5.7.3",
    "typescript-eslint": "^8.46.1"
  },
  "private": true
}
[debug] [2026-04-24T01:52:08.772Z] Building nodejs source
[info] i  functions: Loading and analyzing source code for codebase default to determine what to deploy 
[debug] [2026-04-24T01:52:08.773Z] Could not find functions.yaml. Must use http discovery
[debug] [2026-04-24T01:52:08.790Z] Found firebase-functions binary at '/Users/yjbdanquah/Documents/my_code/url-shortner/node_modules/.bin/firebase-functions'
[info] Serving at port 8648

[info] ✅ Firebase Admin initialized

[debug] [2026-04-24T01:52:09.936Z] Got response from /__/functions.yaml {"endpoints":{"helloWorld":{"availableMemoryMb":null,"timeoutSeconds":null,"minInstances":null,"maxInstances":null,"ingressSettings":null,"concurrency":null,"serviceAccountEmail":null,"vpc":null,"platform":"gcfv2","labels":{},"httpsTrigger":{},"entryPoint":"helloWorld"},"sendShortenedEmail":{"availableMemoryMb":null,"timeoutSeconds":null,"minInstances":null,"maxInstances":null,"ingressSettings":null,"concurrency":null,"serviceAccountEmail":null,"vpc":null,"platform":"gcfv2","secretEnvironmentVariables":[{"key":"gmailUser"},{"key":"gmailPass"}],"labels":{},"callableTrigger":{},"entryPoint":"sendShortenedEmail"},"sendWelcomeEmail":{"availableMemoryMb":null,"timeoutSeconds":null,"minInstances":null,"maxInstances":null,"ingressSettings":null,"concurrency":null,"serviceAccountEmail":null,"vpc":null,"platform":"gcfv2","secretEnvironmentVariables":[{"key":"gmailUser"},{"key":"gmailPass"}],"labels":{},"callableTrigger":{},"entryPoint":"sendWelcomeEmail"},"onUserCreatedSendEmail":{"availableMemoryMb":null,"timeoutSeconds":null,"minInstances":null,"maxInstances":null,"ingressSettings":null,"concurrency":null,"serviceAccountEmail":null,"vpc":null,"platform":"gcfv2","secretEnvironmentVariables":[{"key":"gmailUser"},{"key":"gmailPass"}],"labels":{},"eventTrigger":{"eventType":"google.cloud.firestore.document.v1.created","eventFilters":{"database":"(default)","namespace":"(default)"},"eventFilterPathPatterns":{"document":"users/{userId}"},"retry":false},"entryPoint":"onUserCreatedSendEmail"},"onUrlCreatedSendEmail":{"availableMemoryMb":null,"timeoutSeconds":null,"minInstances":null,"maxInstances":null,"ingressSettings":null,"concurrency":null,"serviceAccountEmail":null,"vpc":null,"platform":"gcfv2","secretEnvironmentVariables":[{"key":"gmailUser"},{"key":"gmailPass"}],"labels":{},"eventTrigger":{"eventType":"google.cloud.firestore.document.v1.created","eventFilters":{"database":"(default)","namespace":"(default)"},"eventFilterPathPatterns":{"document":"shortUrls/{shortCode}"},"retry":false},"entryPoint":"onUrlCreatedSendEmail"}},"specVersion":"v1alpha1","requiredAPIs":[],"extensions":{},"params":[{"type":"secret","name":"gmailUser"},{"type":"secret","name":"gmailPass"}]}
[info] i  extensions: ensuring required API firebaseextensions.googleapis.com is enabled... 
[debug] [2026-04-24T01:52:13.972Z] > command requires scopes: ["email","openid","https://www.googleapis.com/auth/cloudplatformprojects.readonly","https://www.googleapis.com/auth/firebase","https://www.googleapis.com/auth/cloud-platform"]
[debug] [2026-04-24T01:52:13.973Z] > authorizing via signed-in user (yjbdanquah@gmail.com)
[debug] [2026-04-24T01:52:13.973Z] [iam] checking project linkifyurl for permissions ["firebase.projects.get","firebaseextensions.instances.list"]
[debug] [2026-04-24T01:52:13.973Z] Checked if tokens are valid: true, expires at: 1776997897554
[debug] [2026-04-24T01:52:13.973Z] Checked if tokens are valid: true, expires at: 1776997897554
[debug] [2026-04-24T01:52:13.973Z] >>> [apiv2][query] POST https://cloudresourcemanager.googleapis.com/v1/projects/linkifyurl:testIamPermissions [none]
[debug] [2026-04-24T01:52:13.973Z] >>> [apiv2][(partial)header] POST https://cloudresourcemanager.googleapis.com/v1/projects/linkifyurl:testIamPermissions x-goog-quota-user=projects/linkifyurl
[debug] [2026-04-24T01:52:13.973Z] >>> [apiv2][body] POST https://cloudresourcemanager.googleapis.com/v1/projects/linkifyurl:testIamPermissions {"permissions":["firebase.projects.get","firebaseextensions.instances.list"]}
[debug] [2026-04-24T01:52:15.318Z] <<< [apiv2][status] POST https://cloudresourcemanager.googleapis.com/v1/projects/linkifyurl:testIamPermissions 200
[debug] [2026-04-24T01:52:15.318Z] <<< [apiv2][body] POST https://cloudresourcemanager.googleapis.com/v1/projects/linkifyurl:testIamPermissions {"permissions":["firebase.projects.get","firebaseextensions.instances.list"]}
[debug] [2026-04-24T01:52:15.319Z] Checked if tokens are valid: true, expires at: 1776997897554
[debug] [2026-04-24T01:52:15.319Z] Checked if tokens are valid: true, expires at: 1776997897554
[debug] [2026-04-24T01:52:15.319Z] >>> [apiv2][query] GET https://firebaseextensions.googleapis.com/v1beta/projects/linkifyurl/instances pageSize=100&pageToken=
[debug] [2026-04-24T01:52:16.882Z] <<< [apiv2][status] GET https://firebaseextensions.googleapis.com/v1beta/projects/linkifyurl/instances 200
[debug] [2026-04-24T01:52:16.882Z] <<< [apiv2][body] GET https://firebaseextensions.googleapis.com/v1beta/projects/linkifyurl/instances {}
[debug] [2026-04-24T01:52:16.884Z] Checked if tokens are valid: true, expires at: 1776997897554
[debug] [2026-04-24T01:52:16.884Z] Checked if tokens are valid: true, expires at: 1776997897554
[debug] [2026-04-24T01:52:16.884Z] >>> [apiv2][query] GET https://secretmanager.googleapis.com/v1/projects/linkifyurl/secrets/gmailUser [none]
[debug] [2026-04-24T01:52:17.993Z] <<< [apiv2][status] GET https://secretmanager.googleapis.com/v1/projects/linkifyurl/secrets/gmailUser 200
[debug] [2026-04-24T01:52:17.993Z] <<< [apiv2][body] GET https://secretmanager.googleapis.com/v1/projects/linkifyurl/secrets/gmailUser {"name":"projects/296797983995/secrets/gmailUser","replication":{"automatic":{}},"createTime":"2025-10-13T21:09:55.937805Z","labels":{"firebase-managed":"functions"},"etag":"\"164110b087a4e9\""}
[debug] [2026-04-24T01:52:17.994Z] Checked if tokens are valid: true, expires at: 1776997897554
[debug] [2026-04-24T01:52:17.994Z] Checked if tokens are valid: true, expires at: 1776997897554
[debug] [2026-04-24T01:52:17.994Z] >>> [apiv2][query] GET https://secretmanager.googleapis.com/v1/projects/linkifyurl/secrets/gmailUser/versions/latest [none]
[debug] [2026-04-24T01:52:18.390Z] <<< [apiv2][status] GET https://secretmanager.googleapis.com/v1/projects/linkifyurl/secrets/gmailUser/versions/latest 200
[debug] [2026-04-24T01:52:18.390Z] <<< [apiv2][body] GET https://secretmanager.googleapis.com/v1/projects/linkifyurl/secrets/gmailUser/versions/latest {"name":"projects/296797983995/secrets/gmailUser/versions/1","createTime":"2025-10-13T21:09:58.800907Z","state":"ENABLED","replicationStatus":{"automatic":{}},"etag":"\"164110b09fae0b\""}
[debug] [2026-04-24T01:52:18.390Z] Checked if tokens are valid: true, expires at: 1776997897554
[debug] [2026-04-24T01:52:18.390Z] Checked if tokens are valid: true, expires at: 1776997897554
[debug] [2026-04-24T01:52:18.390Z] >>> [apiv2][query] GET https://secretmanager.googleapis.com/v1/projects/linkifyurl/secrets/gmailPass [none]
[debug] [2026-04-24T01:52:18.901Z] <<< [apiv2][status] GET https://secretmanager.googleapis.com/v1/projects/linkifyurl/secrets/gmailPass 200
[debug] [2026-04-24T01:52:18.901Z] <<< [apiv2][body] GET https://secretmanager.googleapis.com/v1/projects/linkifyurl/secrets/gmailPass {"name":"projects/296797983995/secrets/gmailPass","replication":{"automatic":{}},"createTime":"2025-10-13T21:10:37.328925Z","labels":{"firebase-managed":"functions"},"etag":"\"164110b2f15dc4\""}
[debug] [2026-04-24T01:52:18.902Z] Checked if tokens are valid: true, expires at: 1776997897554
[debug] [2026-04-24T01:52:18.902Z] Checked if tokens are valid: true, expires at: 1776997897554
[debug] [2026-04-24T01:52:18.902Z] >>> [apiv2][query] GET https://secretmanager.googleapis.com/v1/projects/linkifyurl/secrets/gmailPass/versions/latest [none]
[debug] [2026-04-24T01:52:19.313Z] <<< [apiv2][status] GET https://secretmanager.googleapis.com/v1/projects/linkifyurl/secrets/gmailPass/versions/latest 200
[debug] [2026-04-24T01:52:19.314Z] <<< [apiv2][body] GET https://secretmanager.googleapis.com/v1/projects/linkifyurl/secrets/gmailPass/versions/latest {"name":"projects/296797983995/secrets/gmailPass/versions/1","createTime":"2025-10-13T21:10:39.341172Z","state":"ENABLED","replicationStatus":{"automatic":{}},"etag":"\"164110b30a4674\""}
[info] i  functions: preparing functions directory for uploading... 
[info] i  functions: packaged /Users/yjbdanquah/Documents/my_code/url-shortner/functions (136.47 KB) for uploading 
[debug] [2026-04-24T01:52:19.405Z] Checked if tokens are valid: true, expires at: 1776997897554
[debug] [2026-04-24T01:52:19.405Z] Checked if tokens are valid: true, expires at: 1776997897554
[debug] [2026-04-24T01:52:19.405Z] >>> [apiv2][query] GET https://cloudfunctions.googleapis.com/v1/projects/linkifyurl/locations/-/functions [none]
[debug] [2026-04-24T01:52:20.433Z] <<< [apiv2][status] GET https://cloudfunctions.googleapis.com/v1/projects/linkifyurl/locations/-/functions 200
[debug] [2026-04-24T01:52:20.433Z] <<< [apiv2][body] GET https://cloudfunctions.googleapis.com/v1/projects/linkifyurl/locations/-/functions {}
[debug] [2026-04-24T01:52:20.434Z] Checked if tokens are valid: true, expires at: 1776997897554
[debug] [2026-04-24T01:52:20.434Z] Checked if tokens are valid: true, expires at: 1776997897554
[debug] [2026-04-24T01:52:20.434Z] >>> [apiv2][query] GET https://cloudfunctions.googleapis.com/v2/projects/linkifyurl/locations/-/functions filter=environment%3D%22GEN_2%22
[debug] [2026-04-24T01:52:21.567Z] <<< [apiv2][status] GET https://cloudfunctions.googleapis.com/v2/projects/linkifyurl/locations/-/functions 200
[debug] [2026-04-24T01:52:21.567Z] <<< [apiv2][body] GET https://cloudfunctions.googleapis.com/v2/projects/linkifyurl/locations/-/functions {"functions":[{"name":"projects/linkifyurl/locations/us-central1/functions/onUrlCreatedSendEmail","buildConfig":{"build":"projects/296797983995/locations/us-central1/builds/924ad074-9c5b-4582-a3ff-01aee8959e11","runtime":"nodejs22","entryPoint":"onUrlCreatedSendEmail","source":{"storageSource":{"bucket":"gcf-v2-sources-296797983995-us-central1","object":"onUrlCreatedSendEmail/function-source.zip","generation":"1760396297868558"}},"environmentVariables":{"GOOGLE_NODE_RUN_SCRIPTS":""},"dockerRepository":"projects/linkifyurl/locations/us-central1/repositories/gcf-artifacts","sourceProvenance":{"resolvedStorageSource":{"bucket":"gcf-v2-sources-296797983995-us-central1","object":"onUrlCreatedSendEmail/function-source.zip","generation":"1760396297868558"}},"dockerRegistry":"ARTIFACT_REGISTRY","serviceAccount":"projects/linkifyurl/serviceAccounts/296797983995-compute@developer.gserviceaccount.com","automaticUpdatePolicy":{}},"serviceConfig":{"service":"projects/linkifyurl/locations/us-central1/services/onurlcreatedsendemail","timeoutSeconds":60,"environmentVariables":{"FIREBASE_CONFIG":"{\"projectId\":\"linkifyurl\",\"storageBucket\":\"linkifyurl.firebasestorage.app\"}","GCLOUD_PROJECT":"linkifyurl","EVENTARC_CLOUD_EVENT_SOURCE":"projects/linkifyurl/locations/us-central1/services/onUrlCreatedSendEmail","FUNCTION_SIGNATURE_TYPE":"cloudevent","FUNCTION_TARGET":"onUrlCreatedSendEmail","LOG_EXECUTION_ID":"true"},"maxInstanceCount":20,"ingressSettings":"ALLOW_ALL","uri":"https://onurlcreatedsendemail-ck2bcwa72a-uc.a.run.app","serviceAccountEmail":"296797983995-compute@developer.gserviceaccount.com","availableMemory":"256Mi","allTrafficOnLatestRevision":true,"secretEnvironmentVariables":[{"key":"gmailUser","projectId":"linkifyurl","secret":"gmailUser","version":"1"},{"key":"gmailPass","projectId":"linkifyurl","secret":"gmailPass","version":"1"}],"revision":"onurlcreatedsendemail-00003-hiq","maxInstanceRequestConcurrency":80,"availableCpu":"1"},"eventTrigger":{"trigger":"projects/linkifyurl/locations/nam5/triggers/onurlcreatedsendemail-110882","triggerRegion":"nam5","eventType":"google.cloud.firestore.document.v1.created","eventFilters":[{"attribute":"database","value":"(default)"},{"attribute":"namespace","value":"(default)"},{"attribute":"document","value":"shortUrls/{shortCode}","operator":"match-path-pattern"}],"pubsubTopic":"projects/linkifyurl/topics/eventarc-nam5-onurlcreatedsendemail-110882-476","serviceAccountEmail":"296797983995-compute@developer.gserviceaccount.com","retryPolicy":"RETRY_POLICY_DO_NOT_RETRY"},"state":"ACTIVE","updateTime":"2026-04-24T01:45:32.591697533Z","labels":{"firebase-functions-hash":"8b2ebc97327e5352bf38c331c2159a32b0796cb8","deployment-tool":"cli-firebase"},"environment":"GEN_2","url":"https://us-central1-linkifyurl.cloudfunctions.net/onUrlCreatedSendEmail","createTime":"2025-10-13T21:20:16.455398444Z","satisfiesPzi":true},{"name":"projects/linkifyurl/locations/us-central1/functions/sendWelcomeEmail","buildConfig":{"build":"projects/296797983995/locations/us-central1/builds/924ad074-9c5b-4582-a3ff-01aee8959e11","runtime":"nodejs22","entryPoint":"sendWelcomeEmail","source":{"storageSource":{"bucket":"gcf-v2-sources-296797983995-us-central1","object":"sendWelcomeEmail/function-source.zip","generation":"1760396297568864"}},"environmentVariables":{"GOOGLE_NODE_RUN_SCRIPTS":""},"dockerRepository":"projects/linkifyurl/locations/us-central1/repositories/gcf-artifacts","sourceProvenance":{"resolvedStorageSource":{"bucket":"gcf-v2-sources-296797983995-us-central1","object":"sendWelcomeEmail/function-source.zip","generation":"1760396297568864"}},"dockerRegistry":"ARTIFACT_REGISTRY","serviceAccount":"projects/linkifyurl/serviceAccounts/296797983995-compute@developer.gserviceaccount.com","automaticUpdatePolicy":{}},"serviceConfig":{"service":"projects/linkifyurl/locations/us-central1/services/sendwelcomeemail","timeoutSeconds":60,"environmentVariables":{"FIREBASE_CONFIG":"{\"projectId\":\"linkifyurl\",\"storageBucket\":\"linkifyurl.firebasestorage.app\"}","GCLOUD_PROJECT":"linkifyurl","EVENTARC_CLOUD_EVENT_SOURCE":"projects/linkifyurl/locations/us-central1/services/sendWelcomeEmail","FUNCTION_TARGET":"sendWelcomeEmail","LOG_EXECUTION_ID":"true","FUNCTION_SIGNATURE_TYPE":"http"},"maxInstanceCount":20,"ingressSettings":"ALLOW_ALL","uri":"https://sendwelcomeemail-ck2bcwa72a-uc.a.run.app","serviceAccountEmail":"296797983995-compute@developer.gserviceaccount.com","availableMemory":"256Mi","allTrafficOnLatestRevision":true,"secretEnvironmentVariables":[{"key":"gmailUser","projectId":"linkifyurl","secret":"gmailUser","version":"1"},{"key":"gmailPass","projectId":"linkifyurl","secret":"gmailPass","version":"1"}],"revision":"sendwelcomeemail-00003-cim","maxInstanceRequestConcurrency":80,"availableCpu":"1"},"state":"ACTIVE","updateTime":"2026-04-24T01:45:33.934839750Z","labels":{"deployment-tool":"cli-firebase","deployment-callable":"true","firebase-functions-hash":"8b2ebc97327e5352bf38c331c2159a32b0796cb8"},"environment":"GEN_2","url":"https://us-central1-linkifyurl.cloudfunctions.net/sendWelcomeEmail","createTime":"2025-10-13T21:13:16.727553460Z","satisfiesPzi":true},{"name":"projects/linkifyurl/locations/us-central1/functions/sendShortenedEmail","buildConfig":{"build":"projects/296797983995/locations/us-central1/builds/924ad074-9c5b-4582-a3ff-01aee8959e11","runtime":"nodejs22","entryPoint":"sendShortenedEmail","source":{"storageSource":{"bucket":"gcf-v2-sources-296797983995-us-central1","object":"sendShortenedEmail/function-source.zip","generation":"1760396297711988"}},"environmentVariables":{"GOOGLE_NODE_RUN_SCRIPTS":""},"dockerRepository":"projects/linkifyurl/locations/us-central1/repositories/gcf-artifacts","sourceProvenance":{"resolvedStorageSource":{"bucket":"gcf-v2-sources-296797983995-us-central1","object":"sendShortenedEmail/function-source.zip","generation":"1760396297711988"}},"dockerRegistry":"ARTIFACT_REGISTRY","serviceAccount":"projects/linkifyurl/serviceAccounts/296797983995-compute@developer.gserviceaccount.com","automaticUpdatePolicy":{}},"serviceConfig":{"service":"projects/linkifyurl/locations/us-central1/services/sendshortenedemail","timeoutSeconds":60,"environmentVariables":{"FIREBASE_CONFIG":"{\"projectId\":\"linkifyurl\",\"storageBucket\":\"linkifyurl.firebasestorage.app\"}","GCLOUD_PROJECT":"linkifyurl","EVENTARC_CLOUD_EVENT_SOURCE":"projects/linkifyurl/locations/us-central1/services/sendShortenedEmail","FUNCTION_TARGET":"sendShortenedEmail","LOG_EXECUTION_ID":"true","FUNCTION_SIGNATURE_TYPE":"http"},"maxInstanceCount":20,"ingressSettings":"ALLOW_ALL","uri":"https://sendshortenedemail-ck2bcwa72a-uc.a.run.app","serviceAccountEmail":"296797983995-compute@developer.gserviceaccount.com","availableMemory":"256Mi","allTrafficOnLatestRevision":true,"secretEnvironmentVariables":[{"key":"gmailUser","projectId":"linkifyurl","secret":"gmailUser","version":"1"},{"key":"gmailPass","projectId":"linkifyurl","secret":"gmailPass","version":"1"}],"revision":"sendshortenedemail-00003-lov","maxInstanceRequestConcurrency":80,"availableCpu":"1"},"state":"ACTIVE","updateTime":"2026-04-24T01:45:33.122128707Z","labels":{"deployment-callable":"true","firebase-functions-hash":"8b2ebc97327e5352bf38c331c2159a32b0796cb8","deployment-tool":"cli-firebase"},"environment":"GEN_2","url":"https://us-central1-linkifyurl.cloudfunctions.net/sendShortenedEmail","createTime":"2025-10-13T21:13:16.446632338Z","satisfiesPzi":true},{"name":"projects/linkifyurl/locations/us-central1/functions/helloWorld","buildConfig":{"build":"projects/296797983995/locations/us-central1/builds/924ad074-9c5b-4582-a3ff-01aee8959e11","runtime":"nodejs22","entryPoint":"helloWorld","source":{"storageSource":{"bucket":"gcf-v2-sources-296797983995-us-central1","object":"helloWorld/function-source.zip","generation":"1760396249752211"}},"environmentVariables":{"GOOGLE_NODE_RUN_SCRIPTS":""},"dockerRepository":"projects/linkifyurl/locations/us-central1/repositories/gcf-artifacts","sourceProvenance":{"resolvedStorageSource":{"bucket":"gcf-v2-sources-296797983995-us-central1","object":"helloWorld/function-source.zip","generation":"1760396249752211"}},"dockerRegistry":"ARTIFACT_REGISTRY","serviceAccount":"projects/linkifyurl/serviceAccounts/296797983995-compute@developer.gserviceaccount.com","automaticUpdatePolicy":{}},"serviceConfig":{"service":"projects/linkifyurl/locations/us-central1/services/helloworld","timeoutSeconds":60,"environmentVariables":{"FIREBASE_CONFIG":"{\"projectId\":\"linkifyurl\",\"storageBucket\":\"linkifyurl.firebasestorage.app\"}","GCLOUD_PROJECT":"linkifyurl","EVENTARC_CLOUD_EVENT_SOURCE":"projects/linkifyurl/locations/us-central1/services/helloWorld","FUNCTION_TARGET":"helloWorld","LOG_EXECUTION_ID":"true"},"maxInstanceCount":20,"ingressSettings":"ALLOW_ALL","uri":"https://helloworld-ck2bcwa72a-uc.a.run.app","serviceAccountEmail":"296797983995-compute@developer.gserviceaccount.com","availableMemory":"256Mi","allTrafficOnLatestRevision":true,"revision":"helloworld-00003-tek","maxInstanceRequestConcurrency":80,"availableCpu":"1"},"state":"ACTIVE","updateTime":"2026-04-24T01:44:35.253413532Z","labels":{"firebase-functions-hash":"3b2eab29e3045ea4cc29f78a5ec87c564232455d","deployment-tool":"cli-firebase"},"environment":"GEN_2","url":"https://us-central1-linkifyurl.cloudfunctions.net/helloWorld","createTime":"2025-10-13T21:11:13.508819769Z","satisfiesPzi":true},{"name":"projects/linkifyurl/locations/us-central1/functions/onUserCreatedSendEmail","buildConfig":{"build":"projects/296797983995/locations/us-central1/builds/924ad074-9c5b-4582-a3ff-01aee8959e11","runtime":"nodejs22","entryPoint":"onUserCreatedSendEmail","source":{"storageSource":{"bucket":"gcf-v2-sources-296797983995-us-central1","object":"onUserCreatedSendEmail/function-source.zip","generation":"1760396297938503"}},"environmentVariables":{"GOOGLE_NODE_RUN_SCRIPTS":""},"dockerRepository":"projects/linkifyurl/locations/us-central1/repositories/gcf-artifacts","sourceProvenance":{"resolvedStorageSource":{"bucket":"gcf-v2-sources-296797983995-us-central1","object":"onUserCreatedSendEmail/function-source.zip","generation":"1760396297938503"}},"dockerRegistry":"ARTIFACT_REGISTRY","serviceAccount":"projects/linkifyurl/serviceAccounts/296797983995-compute@developer.gserviceaccount.com","automaticUpdatePolicy":{}},"serviceConfig":{"service":"projects/linkifyurl/locations/us-central1/services/onusercreatedsendemail","timeoutSeconds":60,"environmentVariables":{"FIREBASE_CONFIG":"{\"projectId\":\"linkifyurl\",\"storageBucket\":\"linkifyurl.firebasestorage.app\"}","GCLOUD_PROJECT":"linkifyurl","EVENTARC_CLOUD_EVENT_SOURCE":"projects/linkifyurl/locations/us-central1/services/onUserCreatedSendEmail","FUNCTION_SIGNATURE_TYPE":"cloudevent","FUNCTION_TARGET":"onUserCreatedSendEmail","LOG_EXECUTION_ID":"true"},"maxInstanceCount":20,"ingressSettings":"ALLOW_ALL","uri":"https://onusercreatedsendemail-ck2bcwa72a-uc.a.run.app","serviceAccountEmail":"296797983995-compute@developer.gserviceaccount.com","availableMemory":"256Mi","allTrafficOnLatestRevision":true,"secretEnvironmentVariables":[{"key":"gmailUser","projectId":"linkifyurl","secret":"gmailUser","version":"1"},{"key":"gmailPass","projectId":"linkifyurl","secret":"gmailPass","version":"1"}],"revision":"onusercreatedsendemail-00003-pej","maxInstanceRequestConcurrency":80,"availableCpu":"1"},"eventTrigger":{"trigger":"projects/linkifyurl/locations/nam5/triggers/onusercreatedsendemail-561387","triggerRegion":"nam5","eventType":"google.cloud.firestore.document.v1.created","eventFilters":[{"attribute":"database","value":"(default)"},{"attribute":"namespace","value":"(default)"},{"attribute":"document","value":"users/{userId}","operator":"match-path-pattern"}],"pubsubTopic":"projects/linkifyurl/topics/eventarc-nam5-onusercreatedsendemail-561387-906","serviceAccountEmail":"296797983995-compute@developer.gserviceaccount.com","retryPolicy":"RETRY_POLICY_DO_NOT_RETRY"},"state":"ACTIVE","updateTime":"2026-04-24T01:45:30.882563661Z","labels":{"deployment-tool":"cli-firebase","firebase-functions-hash":"8b2ebc97327e5352bf38c331c2159a32b0796cb8"},"environment":"GEN_2","url":"https://us-central1-linkifyurl.cloudfunctions.net/onUserCreatedSendEmail","createTime":"2025-10-13T21:19:10.394469229Z","satisfiesPzi":true}]}
[debug] [2026-04-24T01:52:21.570Z] Checked if tokens are valid: true, expires at: 1776997897554
[debug] [2026-04-24T01:52:21.570Z] Checked if tokens are valid: true, expires at: 1776997897554
[debug] [2026-04-24T01:52:21.570Z] >>> [apiv2][query] GET https://firestore.googleapis.com/v1/projects/linkifyurl/databases/(default) [none]
[debug] [2026-04-24T01:52:22.990Z] <<< [apiv2][status] GET https://firestore.googleapis.com/v1/projects/linkifyurl/databases/(default) 200
[debug] [2026-04-24T01:52:22.991Z] <<< [apiv2][body] GET https://firestore.googleapis.com/v1/projects/linkifyurl/databases/(default) {"name":"projects/linkifyurl/databases/(default)","uid":"b03c2a94-62a0-4380-9910-ce2981098dd4","createTime":"2025-09-25T00:12:49.896635Z","updateTime":"2025-09-25T00:12:49.896635Z","locationId":"nam5","type":"FIRESTORE_NATIVE","concurrencyMode":"PESSIMISTIC","versionRetentionPeriod":"3600s","earliestVersionTime":"2026-04-24T00:52:23.122235Z","appEngineIntegrationMode":"DISABLED","keyPrefix":"s","pointInTimeRecoveryEnablement":"POINT_IN_TIME_RECOVERY_DISABLED","deleteProtectionState":"DELETE_PROTECTION_DISABLED","databaseEdition":"STANDARD","freeTier":true,"realtimeUpdatesMode":"REALTIME_UPDATES_MODE_ENABLED","etag":"IMr99aCwhZQDMIbli52u5pID"}
[info] i  functions: ensuring required API run.googleapis.com is enabled... 
[info] i  functions: ensuring required API eventarc.googleapis.com is enabled... 
[info] i  functions: ensuring required API pubsub.googleapis.com is enabled... 
[info] i  functions: ensuring required API storage.googleapis.com is enabled... 
[info] i  functions: generating the service identity for pubsub.googleapis.com... 
[debug] [2026-04-24T01:52:22.994Z] Checked if tokens are valid: true, expires at: 1776997897554
[debug] [2026-04-24T01:52:22.994Z] Checked if tokens are valid: true, expires at: 1776997897554
[info] i  functions: generating the service identity for eventarc.googleapis.com... 
[debug] [2026-04-24T01:52:22.994Z] Checked if tokens are valid: true, expires at: 1776997897554
[debug] [2026-04-24T01:52:22.994Z] Checked if tokens are valid: true, expires at: 1776997897554
[debug] [2026-04-24T01:52:22.994Z] >>> [apiv2][query] POST https://serviceusage.googleapis.com/v1beta1/projects/296797983995/services/pubsub.googleapis.com:generateServiceIdentity [none]
[debug] [2026-04-24T01:52:22.994Z] >>> [apiv2][(partial)header] POST https://serviceusage.googleapis.com/v1beta1/projects/296797983995/services/pubsub.googleapis.com:generateServiceIdentity x-goog-quota-user=projects/296797983995
[debug] [2026-04-24T01:52:22.994Z] >>> [apiv2][body] POST https://serviceusage.googleapis.com/v1beta1/projects/296797983995/services/pubsub.googleapis.com:generateServiceIdentity {}
[debug] [2026-04-24T01:52:22.995Z] >>> [apiv2][query] POST https://serviceusage.googleapis.com/v1beta1/projects/296797983995/services/eventarc.googleapis.com:generateServiceIdentity [none]
[debug] [2026-04-24T01:52:22.995Z] >>> [apiv2][(partial)header] POST https://serviceusage.googleapis.com/v1beta1/projects/296797983995/services/eventarc.googleapis.com:generateServiceIdentity x-goog-quota-user=projects/296797983995
[debug] [2026-04-24T01:52:22.995Z] >>> [apiv2][body] POST https://serviceusage.googleapis.com/v1beta1/projects/296797983995/services/eventarc.googleapis.com:generateServiceIdentity {}
[debug] [2026-04-24T01:52:24.739Z] <<< [apiv2][status] POST https://serviceusage.googleapis.com/v1beta1/projects/296797983995/services/eventarc.googleapis.com:generateServiceIdentity 200
[debug] [2026-04-24T01:52:24.740Z] <<< [apiv2][body] POST https://serviceusage.googleapis.com/v1beta1/projects/296797983995/services/eventarc.googleapis.com:generateServiceIdentity {"name":"operations/finished.DONE_OPERATION","done":true,"response":{"@type":"type.googleapis.com/google.api.serviceusage.v1beta1.ServiceIdentity","email":"service-296797983995@gcp-sa-eventarc.iam.gserviceaccount.com","uniqueId":"108273511507532769652"}}
[debug] [2026-04-24T01:52:24.740Z] <<< [apiv2][status] POST https://serviceusage.googleapis.com/v1beta1/projects/296797983995/services/pubsub.googleapis.com:generateServiceIdentity 200
[debug] [2026-04-24T01:52:24.740Z] <<< [apiv2][body] POST https://serviceusage.googleapis.com/v1beta1/projects/296797983995/services/pubsub.googleapis.com:generateServiceIdentity {"name":"operations/finished.DONE_OPERATION","done":true,"response":{"@type":"type.googleapis.com/google.api.serviceusage.v1beta1.ServiceIdentity","email":"service-296797983995@gcp-sa-pubsub.iam.gserviceaccount.com","uniqueId":"103832005155379849425"}}
[info] i  functions: ensuring required API secretmanager.googleapis.com is enabled... 
[debug] [2026-04-24T01:52:24.742Z] Checked if tokens are valid: true, expires at: 1776997897554
[debug] [2026-04-24T01:52:24.743Z] Checked if tokens are valid: true, expires at: 1776997897554
[debug] [2026-04-24T01:52:24.743Z] Checked if tokens are valid: true, expires at: 1776997897554
[debug] [2026-04-24T01:52:24.743Z] Checked if tokens are valid: true, expires at: 1776997897554
[debug] [2026-04-24T01:52:24.743Z] >>> [apiv2][query] GET https://secretmanager.googleapis.com/v1/projects/linkifyurl/secrets/gmailUser/versions/latest [none]
[debug] [2026-04-24T01:52:24.744Z] >>> [apiv2][query] GET https://secretmanager.googleapis.com/v1/projects/linkifyurl/secrets/gmailPass/versions/latest [none]
[debug] [2026-04-24T01:52:25.662Z] <<< [apiv2][status] GET https://secretmanager.googleapis.com/v1/projects/linkifyurl/secrets/gmailPass/versions/latest 200
[debug] [2026-04-24T01:52:25.662Z] <<< [apiv2][body] GET https://secretmanager.googleapis.com/v1/projects/linkifyurl/secrets/gmailPass/versions/latest {"name":"projects/296797983995/secrets/gmailPass/versions/1","createTime":"2025-10-13T21:10:39.341172Z","state":"ENABLED","replicationStatus":{"automatic":{}},"etag":"\"164110b30a4674\""}
[debug] [2026-04-24T01:52:25.662Z] Resolved secret version of gmailPass to 1.
[debug] [2026-04-24T01:52:25.671Z] <<< [apiv2][status] GET https://secretmanager.googleapis.com/v1/projects/linkifyurl/secrets/gmailUser/versions/latest 200
[debug] [2026-04-24T01:52:25.671Z] <<< [apiv2][body] GET https://secretmanager.googleapis.com/v1/projects/linkifyurl/secrets/gmailUser/versions/latest {"name":"projects/296797983995/secrets/gmailUser/versions/1","createTime":"2025-10-13T21:09:58.800907Z","state":"ENABLED","replicationStatus":{"automatic":{}},"etag":"\"164110b09fae0b\""}
[debug] [2026-04-24T01:52:25.671Z] Resolved secret version of gmailUser to 1.
[debug] [2026-04-24T01:52:25.673Z] Checked if tokens are valid: true, expires at: 1776997897554
[debug] [2026-04-24T01:52:25.673Z] Checked if tokens are valid: true, expires at: 1776997897554
[debug] [2026-04-24T01:52:25.673Z] >>> [apiv2][query] GET https://cloudresourcemanager.googleapis.com/v1/projects/linkifyurl [none]
[debug] [2026-04-24T01:52:27.014Z] <<< [apiv2][status] GET https://cloudresourcemanager.googleapis.com/v1/projects/linkifyurl 200
[debug] [2026-04-24T01:52:27.014Z] <<< [apiv2][body] GET https://cloudresourcemanager.googleapis.com/v1/projects/linkifyurl {"projectNumber":"296797983995","projectId":"linkifyurl","lifecycleState":"ACTIVE","name":"iNNkie","labels":{"firebase":"enabled","firebase-core":"disabled"},"createTime":"2025-09-25T00:06:14.164017Z"}
[debug] [2026-04-24T01:52:27.015Z] Checked if tokens are valid: true, expires at: 1776997897554
[debug] [2026-04-24T01:52:27.015Z] Checked if tokens are valid: true, expires at: 1776997897554
[debug] [2026-04-24T01:52:27.015Z] >>> [apiv2][query] GET https://compute.googleapis.com/compute/v1/projects/296797983995 [none]
[debug] [2026-04-24T01:52:27.606Z] <<< [apiv2][status] GET https://compute.googleapis.com/compute/v1/projects/296797983995 403
[debug] [2026-04-24T01:52:27.606Z] <<< [apiv2][body] GET https://compute.googleapis.com/compute/v1/projects/296797983995 {"error":{"code":403,"message":"Compute Engine API has not been used in project 296797983995 before or it is disabled. Enable it by visiting https://console.developers.google.com/apis/api/compute.googleapis.com/overview?project=296797983995 then retry. If you enabled this API recently, wait a few minutes for the action to propagate to our systems and retry.","errors":[{"message":"Compute Engine API has not been used in project 296797983995 before or it is disabled. Enable it by visiting https://console.developers.google.com/apis/api/compute.googleapis.com/overview?project=296797983995 then retry. If you enabled this API recently, wait a few minutes for the action to propagate to our systems and retry.","domain":"usageLimits","reason":"accessNotConfigured","extendedHelp":"https://console.developers.google.com"}],"status":"PERMISSION_DENIED","details":[{"@type":"type.googleapis.com/google.rpc.ErrorInfo","reason":"SERVICE_DISABLED","domain":"googleapis.com","metadata":{"containerInfo":"296797983995","activationUrl":"https://console.developers.google.com/apis/api/compute.googleapis.com/overview?project=296797983995","service":"compute.googleapis.com","consumer":"projects/296797983995","serviceTitle":"Compute Engine API"}},{"@type":"type.googleapis.com/google.rpc.LocalizedMessage","locale":"en-US","message":"Compute Engine API has not been used in project 296797983995 before or it is disabled. Enable it by visiting https://console.developers.google.com/apis/api/compute.googleapis.com/overview?project=296797983995 then retry. If you enabled this API recently, wait a few minutes for the action to propagate to our systems and retry."},{"@type":"type.googleapis.com/google.rpc.Help","links":[{"description":"Google developers console API activation","url":"https://console.developers.google.com/apis/api/compute.googleapis.com/overview?project=296797983995"}]}]}}
[debug] [2026-04-24T01:52:27.606Z] unable to look up default compute service account. Falling back to 296797983995-compute@developer.gserviceaccount.com. Error: {"name":"FirebaseError","children":[],"context":{"body":{"error":{"code":403,"message":"Compute Engine API has not been used in project 296797983995 before or it is disabled. Enable it by visiting https://console.developers.google.com/apis/api/compute.googleapis.com/overview?project=296797983995 then retry. If you enabled this API recently, wait a few minutes for the action to propagate to our systems and retry.","errors":[{"message":"Compute Engine API has not been used in project 296797983995 before or it is disabled. Enable it by visiting https://console.developers.google.com/apis/api/compute.googleapis.com/overview?project=296797983995 then retry. If you enabled this API recently, wait a few minutes for the action to propagate to our systems and retry.","domain":"usageLimits","reason":"accessNotConfigured","extendedHelp":"https://console.developers.google.com"}],"status":"PERMISSION_DENIED","details":[{"@type":"type.googleapis.com/google.rpc.ErrorInfo","reason":"SERVICE_DISABLED","domain":"googleapis.com","metadata":{"containerInfo":"296797983995","activationUrl":"https://console.developers.google.com/apis/api/compute.googleapis.com/overview?project=296797983995","service":"compute.googleapis.com","consumer":"projects/296797983995","serviceTitle":"Compute Engine API"}},{"@type":"type.googleapis.com/google.rpc.LocalizedMessage","locale":"en-US","message":"Compute Engine API has not been used in project 296797983995 before or it is disabled. Enable it by visiting https://console.developers.google.com/apis/api/compute.googleapis.com/overview?project=296797983995 then retry. If you enabled this API recently, wait a few minutes for the action to propagate to our systems and retry."},{"@type":"type.googleapis.com/google.rpc.Help","links":[{"description":"Google developers console API activation","url":"https://console.developers.google.com/apis/api/compute.googleapis.com/overview?project=296797983995"}]}]}},"response":{"statusCode":403}},"exit":1,"message":"Request to https://compute.googleapis.com/compute/v1/projects/296797983995 had HTTP Error: 403, Compute Engine API has not been used in project 296797983995 before or it is disabled. Enable it by visiting https://console.developers.google.com/apis/api/compute.googleapis.com/overview?project=296797983995 then retry. If you enabled this API recently, wait a few minutes for the action to propagate to our systems and retry.","status":403}
[debug] [2026-04-24T01:52:27.606Z] Checked if tokens are valid: true, expires at: 1776997897554
[debug] [2026-04-24T01:52:27.606Z] Checked if tokens are valid: true, expires at: 1776997897554
[debug] [2026-04-24T01:52:27.606Z] >>> [apiv2][query] GET https://compute.googleapis.com/compute/v1/projects/296797983995 [none]
[debug] [2026-04-24T01:52:27.930Z] <<< [apiv2][status] GET https://compute.googleapis.com/compute/v1/projects/296797983995 403
[debug] [2026-04-24T01:52:27.930Z] <<< [apiv2][body] GET https://compute.googleapis.com/compute/v1/projects/296797983995 {"error":{"code":403,"message":"Compute Engine API has not been used in project 296797983995 before or it is disabled. Enable it by visiting https://console.developers.google.com/apis/api/compute.googleapis.com/overview?project=296797983995 then retry. If you enabled this API recently, wait a few minutes for the action to propagate to our systems and retry.","errors":[{"message":"Compute Engine API has not been used in project 296797983995 before or it is disabled. Enable it by visiting https://console.developers.google.com/apis/api/compute.googleapis.com/overview?project=296797983995 then retry. If you enabled this API recently, wait a few minutes for the action to propagate to our systems and retry.","domain":"usageLimits","reason":"accessNotConfigured","extendedHelp":"https://console.developers.google.com"}],"status":"PERMISSION_DENIED","details":[{"@type":"type.googleapis.com/google.rpc.ErrorInfo","reason":"SERVICE_DISABLED","domain":"googleapis.com","metadata":{"consumer":"projects/296797983995","containerInfo":"296797983995","service":"compute.googleapis.com","serviceTitle":"Compute Engine API","activationUrl":"https://console.developers.google.com/apis/api/compute.googleapis.com/overview?project=296797983995"}},{"@type":"type.googleapis.com/google.rpc.LocalizedMessage","locale":"en-US","message":"Compute Engine API has not been used in project 296797983995 before or it is disabled. Enable it by visiting https://console.developers.google.com/apis/api/compute.googleapis.com/overview?project=296797983995 then retry. If you enabled this API recently, wait a few minutes for the action to propagate to our systems and retry."},{"@type":"type.googleapis.com/google.rpc.Help","links":[{"description":"Google developers console API activation","url":"https://console.developers.google.com/apis/api/compute.googleapis.com/overview?project=296797983995"}]}]}}
[debug] [2026-04-24T01:52:27.930Z] unable to look up default compute service account. Falling back to 296797983995-compute@developer.gserviceaccount.com. Error: {"name":"FirebaseError","children":[],"context":{"body":{"error":{"code":403,"message":"Compute Engine API has not been used in project 296797983995 before or it is disabled. Enable it by visiting https://console.developers.google.com/apis/api/compute.googleapis.com/overview?project=296797983995 then retry. If you enabled this API recently, wait a few minutes for the action to propagate to our systems and retry.","errors":[{"message":"Compute Engine API has not been used in project 296797983995 before or it is disabled. Enable it by visiting https://console.developers.google.com/apis/api/compute.googleapis.com/overview?project=296797983995 then retry. If you enabled this API recently, wait a few minutes for the action to propagate to our systems and retry.","domain":"usageLimits","reason":"accessNotConfigured","extendedHelp":"https://console.developers.google.com"}],"status":"PERMISSION_DENIED","details":[{"@type":"type.googleapis.com/google.rpc.ErrorInfo","reason":"SERVICE_DISABLED","domain":"googleapis.com","metadata":{"consumer":"projects/296797983995","containerInfo":"296797983995","service":"compute.googleapis.com","serviceTitle":"Compute Engine API","activationUrl":"https://console.developers.google.com/apis/api/compute.googleapis.com/overview?project=296797983995"}},{"@type":"type.googleapis.com/google.rpc.LocalizedMessage","locale":"en-US","message":"Compute Engine API has not been used in project 296797983995 before or it is disabled. Enable it by visiting https://console.developers.google.com/apis/api/compute.googleapis.com/overview?project=296797983995 then retry. If you enabled this API recently, wait a few minutes for the action to propagate to our systems and retry."},{"@type":"type.googleapis.com/google.rpc.Help","links":[{"description":"Google developers console API activation","url":"https://console.developers.google.com/apis/api/compute.googleapis.com/overview?project=296797983995"}]}]}},"response":{"statusCode":403}},"exit":1,"message":"Request to https://compute.googleapis.com/compute/v1/projects/296797983995 had HTTP Error: 403, Compute Engine API has not been used in project 296797983995 before or it is disabled. Enable it by visiting https://console.developers.google.com/apis/api/compute.googleapis.com/overview?project=296797983995 then retry. If you enabled this API recently, wait a few minutes for the action to propagate to our systems and retry.","status":403}
[debug] [2026-04-24T01:52:27.930Z] Checked if tokens are valid: true, expires at: 1776997897554
[debug] [2026-04-24T01:52:27.930Z] Checked if tokens are valid: true, expires at: 1776997897554
[debug] [2026-04-24T01:52:27.930Z] >>> [apiv2][query] GET https://compute.googleapis.com/compute/v1/projects/296797983995 [none]
[debug] [2026-04-24T01:52:28.244Z] <<< [apiv2][status] GET https://compute.googleapis.com/compute/v1/projects/296797983995 403
[debug] [2026-04-24T01:52:28.244Z] <<< [apiv2][body] GET https://compute.googleapis.com/compute/v1/projects/296797983995 {"error":{"code":403,"message":"Compute Engine API has not been used in project 296797983995 before or it is disabled. Enable it by visiting https://console.developers.google.com/apis/api/compute.googleapis.com/overview?project=296797983995 then retry. If you enabled this API recently, wait a few minutes for the action to propagate to our systems and retry.","errors":[{"message":"Compute Engine API has not been used in project 296797983995 before or it is disabled. Enable it by visiting https://console.developers.google.com/apis/api/compute.googleapis.com/overview?project=296797983995 then retry. If you enabled this API recently, wait a few minutes for the action to propagate to our systems and retry.","domain":"usageLimits","reason":"accessNotConfigured","extendedHelp":"https://console.developers.google.com"}],"status":"PERMISSION_DENIED","details":[{"@type":"type.googleapis.com/google.rpc.ErrorInfo","reason":"SERVICE_DISABLED","domain":"googleapis.com","metadata":{"activationUrl":"https://console.developers.google.com/apis/api/compute.googleapis.com/overview?project=296797983995","serviceTitle":"Compute Engine API","service":"compute.googleapis.com","containerInfo":"296797983995","consumer":"projects/296797983995"}},{"@type":"type.googleapis.com/google.rpc.LocalizedMessage","locale":"en-US","message":"Compute Engine API has not been used in project 296797983995 before or it is disabled. Enable it by visiting https://console.developers.google.com/apis/api/compute.googleapis.com/overview?project=296797983995 then retry. If you enabled this API recently, wait a few minutes for the action to propagate to our systems and retry."},{"@type":"type.googleapis.com/google.rpc.Help","links":[{"description":"Google developers console API activation","url":"https://console.developers.google.com/apis/api/compute.googleapis.com/overview?project=296797983995"}]}]}}
[debug] [2026-04-24T01:52:28.245Z] unable to look up default compute service account. Falling back to 296797983995-compute@developer.gserviceaccount.com. Error: {"name":"FirebaseError","children":[],"context":{"body":{"error":{"code":403,"message":"Compute Engine API has not been used in project 296797983995 before or it is disabled. Enable it by visiting https://console.developers.google.com/apis/api/compute.googleapis.com/overview?project=296797983995 then retry. If you enabled this API recently, wait a few minutes for the action to propagate to our systems and retry.","errors":[{"message":"Compute Engine API has not been used in project 296797983995 before or it is disabled. Enable it by visiting https://console.developers.google.com/apis/api/compute.googleapis.com/overview?project=296797983995 then retry. If you enabled this API recently, wait a few minutes for the action to propagate to our systems and retry.","domain":"usageLimits","reason":"accessNotConfigured","extendedHelp":"https://console.developers.google.com"}],"status":"PERMISSION_DENIED","details":[{"@type":"type.googleapis.com/google.rpc.ErrorInfo","reason":"SERVICE_DISABLED","domain":"googleapis.com","metadata":{"activationUrl":"https://console.developers.google.com/apis/api/compute.googleapis.com/overview?project=296797983995","serviceTitle":"Compute Engine API","service":"compute.googleapis.com","containerInfo":"296797983995","consumer":"projects/296797983995"}},{"@type":"type.googleapis.com/google.rpc.LocalizedMessage","locale":"en-US","message":"Compute Engine API has not been used in project 296797983995 before or it is disabled. Enable it by visiting https://console.developers.google.com/apis/api/compute.googleapis.com/overview?project=296797983995 then retry. If you enabled this API recently, wait a few minutes for the action to propagate to our systems and retry."},{"@type":"type.googleapis.com/google.rpc.Help","links":[{"description":"Google developers console API activation","url":"https://console.developers.google.com/apis/api/compute.googleapis.com/overview?project=296797983995"}]}]}},"response":{"statusCode":403}},"exit":1,"message":"Request to https://compute.googleapis.com/compute/v1/projects/296797983995 had HTTP Error: 403, Compute Engine API has not been used in project 296797983995 before or it is disabled. Enable it by visiting https://console.developers.google.com/apis/api/compute.googleapis.com/overview?project=296797983995 then retry. If you enabled this API recently, wait a few minutes for the action to propagate to our systems and retry.","status":403}
[debug] [2026-04-24T01:52:28.245Z] Checked if tokens are valid: true, expires at: 1776997897554
[debug] [2026-04-24T01:52:28.245Z] Checked if tokens are valid: true, expires at: 1776997897554
[debug] [2026-04-24T01:52:28.245Z] >>> [apiv2][query] GET https://compute.googleapis.com/compute/v1/projects/296797983995 [none]
[debug] [2026-04-24T01:52:28.537Z] <<< [apiv2][status] GET https://compute.googleapis.com/compute/v1/projects/296797983995 403
[debug] [2026-04-24T01:52:28.537Z] <<< [apiv2][body] GET https://compute.googleapis.com/compute/v1/projects/296797983995 {"error":{"code":403,"message":"Compute Engine API has not been used in project 296797983995 before or it is disabled. Enable it by visiting https://console.developers.google.com/apis/api/compute.googleapis.com/overview?project=296797983995 then retry. If you enabled this API recently, wait a few minutes for the action to propagate to our systems and retry.","errors":[{"message":"Compute Engine API has not been used in project 296797983995 before or it is disabled. Enable it by visiting https://console.developers.google.com/apis/api/compute.googleapis.com/overview?project=296797983995 then retry. If you enabled this API recently, wait a few minutes for the action to propagate to our systems and retry.","domain":"usageLimits","reason":"accessNotConfigured","extendedHelp":"https://console.developers.google.com"}],"status":"PERMISSION_DENIED","details":[{"@type":"type.googleapis.com/google.rpc.ErrorInfo","reason":"SERVICE_DISABLED","domain":"googleapis.com","metadata":{"consumer":"projects/296797983995","serviceTitle":"Compute Engine API","service":"compute.googleapis.com","containerInfo":"296797983995","activationUrl":"https://console.developers.google.com/apis/api/compute.googleapis.com/overview?project=296797983995"}},{"@type":"type.googleapis.com/google.rpc.LocalizedMessage","locale":"en-US","message":"Compute Engine API has not been used in project 296797983995 before or it is disabled. Enable it by visiting https://console.developers.google.com/apis/api/compute.googleapis.com/overview?project=296797983995 then retry. If you enabled this API recently, wait a few minutes for the action to propagate to our systems and retry."},{"@type":"type.googleapis.com/google.rpc.Help","links":[{"description":"Google developers console API activation","url":"https://console.developers.google.com/apis/api/compute.googleapis.com/overview?project=296797983995"}]}]}}
[debug] [2026-04-24T01:52:28.537Z] unable to look up default compute service account. Falling back to 296797983995-compute@developer.gserviceaccount.com. Error: {"name":"FirebaseError","children":[],"context":{"body":{"error":{"code":403,"message":"Compute Engine API has not been used in project 296797983995 before or it is disabled. Enable it by visiting https://console.developers.google.com/apis/api/compute.googleapis.com/overview?project=296797983995 then retry. If you enabled this API recently, wait a few minutes for the action to propagate to our systems and retry.","errors":[{"message":"Compute Engine API has not been used in project 296797983995 before or it is disabled. Enable it by visiting https://console.developers.google.com/apis/api/compute.googleapis.com/overview?project=296797983995 then retry. If you enabled this API recently, wait a few minutes for the action to propagate to our systems and retry.","domain":"usageLimits","reason":"accessNotConfigured","extendedHelp":"https://console.developers.google.com"}],"status":"PERMISSION_DENIED","details":[{"@type":"type.googleapis.com/google.rpc.ErrorInfo","reason":"SERVICE_DISABLED","domain":"googleapis.com","metadata":{"consumer":"projects/296797983995","serviceTitle":"Compute Engine API","service":"compute.googleapis.com","containerInfo":"296797983995","activationUrl":"https://console.developers.google.com/apis/api/compute.googleapis.com/overview?project=296797983995"}},{"@type":"type.googleapis.com/google.rpc.LocalizedMessage","locale":"en-US","message":"Compute Engine API has not been used in project 296797983995 before or it is disabled. Enable it by visiting https://console.developers.google.com/apis/api/compute.googleapis.com/overview?project=296797983995 then retry. If you enabled this API recently, wait a few minutes for the action to propagate to our systems and retry."},{"@type":"type.googleapis.com/google.rpc.Help","links":[{"description":"Google developers console API activation","url":"https://console.developers.google.com/apis/api/compute.googleapis.com/overview?project=296797983995"}]}]}},"response":{"statusCode":403}},"exit":1,"message":"Request to https://compute.googleapis.com/compute/v1/projects/296797983995 had HTTP Error: 403, Compute Engine API has not been used in project 296797983995 before or it is disabled. Enable it by visiting https://console.developers.google.com/apis/api/compute.googleapis.com/overview?project=296797983995 then retry. If you enabled this API recently, wait a few minutes for the action to propagate to our systems and retry.","status":403}
[debug] [2026-04-24T01:52:28.538Z] Checked if tokens are valid: true, expires at: 1776997897554
[debug] [2026-04-24T01:52:28.538Z] Checked if tokens are valid: true, expires at: 1776997897554
[debug] [2026-04-24T01:52:28.538Z] >>> [apiv2][query] GET https://compute.googleapis.com/compute/v1/projects/296797983995 [none]
[debug] [2026-04-24T01:52:28.836Z] <<< [apiv2][status] GET https://compute.googleapis.com/compute/v1/projects/296797983995 403
[debug] [2026-04-24T01:52:28.836Z] <<< [apiv2][body] GET https://compute.googleapis.com/compute/v1/projects/296797983995 {"error":{"code":403,"message":"Compute Engine API has not been used in project 296797983995 before or it is disabled. Enable it by visiting https://console.developers.google.com/apis/api/compute.googleapis.com/overview?project=296797983995 then retry. If you enabled this API recently, wait a few minutes for the action to propagate to our systems and retry.","errors":[{"message":"Compute Engine API has not been used in project 296797983995 before or it is disabled. Enable it by visiting https://console.developers.google.com/apis/api/compute.googleapis.com/overview?project=296797983995 then retry. If you enabled this API recently, wait a few minutes for the action to propagate to our systems and retry.","domain":"usageLimits","reason":"accessNotConfigured","extendedHelp":"https://console.developers.google.com"}],"status":"PERMISSION_DENIED","details":[{"@type":"type.googleapis.com/google.rpc.ErrorInfo","reason":"SERVICE_DISABLED","domain":"googleapis.com","metadata":{"containerInfo":"296797983995","consumer":"projects/296797983995","serviceTitle":"Compute Engine API","activationUrl":"https://console.developers.google.com/apis/api/compute.googleapis.com/overview?project=296797983995","service":"compute.googleapis.com"}},{"@type":"type.googleapis.com/google.rpc.LocalizedMessage","locale":"en-US","message":"Compute Engine API has not been used in project 296797983995 before or it is disabled. Enable it by visiting https://console.developers.google.com/apis/api/compute.googleapis.com/overview?project=296797983995 then retry. If you enabled this API recently, wait a few minutes for the action to propagate to our systems and retry."},{"@type":"type.googleapis.com/google.rpc.Help","links":[{"description":"Google developers console API activation","url":"https://console.developers.google.com/apis/api/compute.googleapis.com/overview?project=296797983995"}]}]}}
[debug] [2026-04-24T01:52:28.836Z] unable to look up default compute service account. Falling back to 296797983995-compute@developer.gserviceaccount.com. Error: {"name":"FirebaseError","children":[],"context":{"body":{"error":{"code":403,"message":"Compute Engine API has not been used in project 296797983995 before or it is disabled. Enable it by visiting https://console.developers.google.com/apis/api/compute.googleapis.com/overview?project=296797983995 then retry. If you enabled this API recently, wait a few minutes for the action to propagate to our systems and retry.","errors":[{"message":"Compute Engine API has not been used in project 296797983995 before or it is disabled. Enable it by visiting https://console.developers.google.com/apis/api/compute.googleapis.com/overview?project=296797983995 then retry. If you enabled this API recently, wait a few minutes for the action to propagate to our systems and retry.","domain":"usageLimits","reason":"accessNotConfigured","extendedHelp":"https://console.developers.google.com"}],"status":"PERMISSION_DENIED","details":[{"@type":"type.googleapis.com/google.rpc.ErrorInfo","reason":"SERVICE_DISABLED","domain":"googleapis.com","metadata":{"containerInfo":"296797983995","consumer":"projects/296797983995","serviceTitle":"Compute Engine API","activationUrl":"https://console.developers.google.com/apis/api/compute.googleapis.com/overview?project=296797983995","service":"compute.googleapis.com"}},{"@type":"type.googleapis.com/google.rpc.LocalizedMessage","locale":"en-US","message":"Compute Engine API has not been used in project 296797983995 before or it is disabled. Enable it by visiting https://console.developers.google.com/apis/api/compute.googleapis.com/overview?project=296797983995 then retry. If you enabled this API recently, wait a few minutes for the action to propagate to our systems and retry."},{"@type":"type.googleapis.com/google.rpc.Help","links":[{"description":"Google developers console API activation","url":"https://console.developers.google.com/apis/api/compute.googleapis.com/overview?project=296797983995"}]}]}},"response":{"statusCode":403}},"exit":1,"message":"Request to https://compute.googleapis.com/compute/v1/projects/296797983995 had HTTP Error: 403, Compute Engine API has not been used in project 296797983995 before or it is disabled. Enable it by visiting https://console.developers.google.com/apis/api/compute.googleapis.com/overview?project=296797983995 then retry. If you enabled this API recently, wait a few minutes for the action to propagate to our systems and retry.","status":403}
[debug] [2026-04-24T01:52:28.840Z] Checked if tokens are valid: true, expires at: 1776997897554
[debug] [2026-04-24T01:52:28.840Z] Checked if tokens are valid: true, expires at: 1776997897554
[debug] [2026-04-24T01:52:28.840Z] >>> [apiv2][query] POST https://firebasehosting.googleapis.com/v1beta1/projects/-/sites/linkifyurl/versions [none]
[debug] [2026-04-24T01:52:28.840Z] >>> [apiv2][body] POST https://firebasehosting.googleapis.com/v1beta1/projects/-/sites/linkifyurl/versions {"status":"CREATED","labels":{"deployment-tool":"cli-firebase"}}
[debug] [2026-04-24T01:52:31.523Z] <<< [apiv2][status] POST https://firebasehosting.googleapis.com/v1beta1/projects/-/sites/linkifyurl/versions 200
[debug] [2026-04-24T01:52:31.523Z] <<< [apiv2][body] POST https://firebasehosting.googleapis.com/v1beta1/projects/-/sites/linkifyurl/versions {"name":"projects/296797983995/sites/linkifyurl/versions/b219ec8b160ff791","status":"CREATED","config":{},"labels":{"deployment-tool":"cli-firebase"}}
[debug] [2026-04-24T01:52:31.524Z] Checked if tokens are valid: true, expires at: 1776997897554
[debug] [2026-04-24T01:52:31.524Z] Checked if tokens are valid: true, expires at: 1776997897554
[debug] [2026-04-24T01:52:31.524Z] >>> [apiv2][query] GET https://firebaserules.googleapis.com/v1/projects/linkifyurl/releases pageSize=10&pageToken=
[debug] [2026-04-24T01:52:32.109Z] <<< [apiv2][status] GET https://firebaserules.googleapis.com/v1/projects/linkifyurl/releases 200
[debug] [2026-04-24T01:52:32.110Z] <<< [apiv2][body] GET https://firebaserules.googleapis.com/v1/projects/linkifyurl/releases {"releases":[{"name":"projects/linkifyurl/releases/cloud.firestore","rulesetName":"projects/linkifyurl/rulesets/397e3472-14b2-40e9-afd7-857345291d48","createTime":"2025-09-25T00:12:54.418552Z","updateTime":"2026-04-24T01:46:46.618619Z"},{"name":"projects/linkifyurl/releases/firebase.storage/linkifyurl.firebasestorage.app","rulesetName":"projects/linkifyurl/rulesets/2efce3cd-b0e0-41eb-9caf-75477d9d7dd7","createTime":"2025-09-25T00:14:06.457950Z","updateTime":"2026-04-24T01:46:45.651635Z"}]}
[debug] [2026-04-24T01:52:32.127Z] Checked if tokens are valid: true, expires at: 1776997897554
[debug] [2026-04-24T01:52:32.127Z] Checked if tokens are valid: true, expires at: 1776997897554
[debug] [2026-04-24T01:52:32.127Z] >>> [apiv2][query] GET https://firebaserules.googleapis.com/v1/projects/linkifyurl/rulesets/2efce3cd-b0e0-41eb-9caf-75477d9d7dd7 [none]
[debug] [2026-04-24T01:52:32.897Z] <<< [apiv2][status] GET https://firebaserules.googleapis.com/v1/projects/linkifyurl/rulesets/2efce3cd-b0e0-41eb-9caf-75477d9d7dd7 200
[debug] [2026-04-24T01:52:32.897Z] <<< [apiv2][body] GET https://firebaserules.googleapis.com/v1/projects/linkifyurl/rulesets/2efce3cd-b0e0-41eb-9caf-75477d9d7dd7 [omitted]
[info] i  storage: latest version of storage.rules already up to date, skipping upload... 
[debug] [2026-04-24T01:52:32.899Z] Checked if tokens are valid: true, expires at: 1776997897554
[debug] [2026-04-24T01:52:32.899Z] Checked if tokens are valid: true, expires at: 1776997897554
[debug] [2026-04-24T01:52:32.899Z] >>> [apiv2][query] GET https://firebaserules.googleapis.com/v1/projects/linkifyurl/releases pageSize=10&pageToken=
[debug] [2026-04-24T01:52:33.696Z] <<< [apiv2][status] GET https://firebaserules.googleapis.com/v1/projects/linkifyurl/releases 200
[debug] [2026-04-24T01:52:33.696Z] <<< [apiv2][body] GET https://firebaserules.googleapis.com/v1/projects/linkifyurl/releases {"releases":[{"name":"projects/linkifyurl/releases/cloud.firestore","rulesetName":"projects/linkifyurl/rulesets/397e3472-14b2-40e9-afd7-857345291d48","createTime":"2025-09-25T00:12:54.418552Z","updateTime":"2026-04-24T01:46:46.618619Z"},{"name":"projects/linkifyurl/releases/firebase.storage/linkifyurl.firebasestorage.app","rulesetName":"projects/linkifyurl/rulesets/2efce3cd-b0e0-41eb-9caf-75477d9d7dd7","createTime":"2025-09-25T00:14:06.457950Z","updateTime":"2026-04-24T01:46:45.651635Z"}]}
[debug] [2026-04-24T01:52:33.696Z] Checked if tokens are valid: true, expires at: 1776997897554
[debug] [2026-04-24T01:52:33.696Z] Checked if tokens are valid: true, expires at: 1776997897554
[debug] [2026-04-24T01:52:33.696Z] >>> [apiv2][query] GET https://firebaserules.googleapis.com/v1/projects/linkifyurl/rulesets/397e3472-14b2-40e9-afd7-857345291d48 [none]
[debug] [2026-04-24T01:52:34.569Z] <<< [apiv2][status] GET https://firebaserules.googleapis.com/v1/projects/linkifyurl/rulesets/397e3472-14b2-40e9-afd7-857345291d48 200
[debug] [2026-04-24T01:52:34.570Z] <<< [apiv2][body] GET https://firebaserules.googleapis.com/v1/projects/linkifyurl/rulesets/397e3472-14b2-40e9-afd7-857345291d48 [omitted]
[info] i  firestore: latest version of firestore.rules already up to date, skipping upload... 
[info] i  firestore: deploying indexes... 
[debug] [2026-04-24T01:52:34.571Z] Checked if tokens are valid: true, expires at: 1776997897554
[debug] [2026-04-24T01:52:34.571Z] Checked if tokens are valid: true, expires at: 1776997897554
[debug] [2026-04-24T01:52:34.571Z] >>> [apiv2][query] GET https://firestore.googleapis.com/v1/projects/linkifyurl/databases/(default)/collectionGroups/-/indexes [none]
[debug] [2026-04-24T01:52:35.904Z] <<< [apiv2][status] GET https://firestore.googleapis.com/v1/projects/linkifyurl/databases/(default)/collectionGroups/-/indexes 200
[debug] [2026-04-24T01:52:35.904Z] <<< [apiv2][body] GET https://firestore.googleapis.com/v1/projects/linkifyurl/databases/(default)/collectionGroups/-/indexes {"indexes":[{"name":"projects/linkifyurl/databases/(default)/collectionGroups/clicks/indexes/CICAgJim14AK","queryScope":"COLLECTION_GROUP","fields":[{"fieldPath":"userId","order":"ASCENDING"},{"fieldPath":"workspaceId","order":"ASCENDING"},{"fieldPath":"timestamp","order":"ASCENDING"},{"fieldPath":"__name__","order":"ASCENDING"}],"state":"READY","density":"SPARSE_ALL"},{"name":"projects/linkifyurl/databases/(default)/collectionGroups/shortUrls/indexes/CICAgOjXh4EK","queryScope":"COLLECTION","fields":[{"fieldPath":"userId","order":"ASCENDING"},{"fieldPath":"createdAt","order":"DESCENDING"},{"fieldPath":"__name__","order":"DESCENDING"}],"state":"READY","density":"SPARSE_ALL"},{"name":"projects/linkifyurl/databases/(default)/collectionGroups/qr-templates/indexes/CICAgJj7z4EK","queryScope":"COLLECTION","fields":[{"fieldPath":"workspaceId","order":"ASCENDING"},{"fieldPath":"createdAt","order":"DESCENDING"},{"fieldPath":"__name__","order":"DESCENDING"}],"state":"READY","density":"SPARSE_ALL"},{"name":"projects/linkifyurl/databases/(default)/collectionGroups/clicks/indexes/CICAgJjF9oIK","queryScope":"COLLECTION_GROUP","fields":[{"fieldPath":"workspaceId","order":"ASCENDING"},{"fieldPath":"timestamp","order":"ASCENDING"},{"fieldPath":"__name__","order":"ASCENDING"}],"state":"READY","density":"SPARSE_ALL"},{"name":"projects/linkifyurl/databases/(default)/collectionGroups/qr-templates/indexes/CICAgJiUpoMK","queryScope":"COLLECTION","fields":[{"fieldPath":"ownerId","order":"ASCENDING"},{"fieldPath":"workspaceId","order":"ASCENDING"},{"fieldPath":"createdAt","order":"DESCENDING"},{"fieldPath":"__name__","order":"DESCENDING"}],"state":"READY","density":"SPARSE_ALL"}]}
[debug] [2026-04-24T01:52:35.905Z] Checked if tokens are valid: true, expires at: 1776997897554
[debug] [2026-04-24T01:52:35.905Z] Checked if tokens are valid: true, expires at: 1776997897554
[debug] [2026-04-24T01:52:35.905Z] >>> [apiv2][query] GET https://firestore.googleapis.com/v1/projects/linkifyurl/databases/(default)/collectionGroups/-/fields?filter=indexConfig.usesAncestorConfig=false OR ttlConfig:* [none]
[debug] [2026-04-24T01:52:36.169Z] <<< [apiv2][status] GET https://firestore.googleapis.com/v1/projects/linkifyurl/databases/(default)/collectionGroups/-/fields?filter=indexConfig.usesAncestorConfig=false OR ttlConfig:* 200
[debug] [2026-04-24T01:52:36.169Z] <<< [apiv2][body] GET https://firestore.googleapis.com/v1/projects/linkifyurl/databases/(default)/collectionGroups/-/fields?filter=indexConfig.usesAncestorConfig=false OR ttlConfig:* {"fields":[{"name":"projects/linkifyurl/databases/(default)/collectionGroups/__default__/fields/*","indexConfig":{"indexes":[{"queryScope":"COLLECTION","fields":[{"fieldPath":"*","order":"ASCENDING"}],"state":"READY"},{"queryScope":"COLLECTION","fields":[{"fieldPath":"*","order":"DESCENDING"}],"state":"READY"},{"queryScope":"COLLECTION","fields":[{"fieldPath":"*","arrayConfig":"CONTAINS"}],"state":"READY"}]}}]}
[debug] [2026-04-24T01:52:36.169Z] Checked if tokens are valid: true, expires at: 1776997897554
[debug] [2026-04-24T01:52:36.170Z] Checked if tokens are valid: true, expires at: 1776997897554
[debug] [2026-04-24T01:52:36.170Z] >>> [apiv2][query] GET https://firestore.googleapis.com/v1/projects/linkifyurl/databases/(default) [none]
[debug] [2026-04-24T01:52:36.515Z] <<< [apiv2][status] GET https://firestore.googleapis.com/v1/projects/linkifyurl/databases/(default) 200
[debug] [2026-04-24T01:52:36.515Z] <<< [apiv2][body] GET https://firestore.googleapis.com/v1/projects/linkifyurl/databases/(default) {"name":"projects/linkifyurl/databases/(default)","uid":"b03c2a94-62a0-4380-9910-ce2981098dd4","createTime":"2025-09-25T00:12:49.896635Z","updateTime":"2025-09-25T00:12:49.896635Z","locationId":"nam5","type":"FIRESTORE_NATIVE","concurrencyMode":"PESSIMISTIC","versionRetentionPeriod":"3600s","earliestVersionTime":"2026-04-24T00:52:36.588078Z","appEngineIntegrationMode":"DISABLED","keyPrefix":"s","pointInTimeRecoveryEnablement":"POINT_IN_TIME_RECOVERY_DISABLED","deleteProtectionState":"DELETE_PROTECTION_DISABLED","databaseEdition":"STANDARD","freeTier":true,"realtimeUpdatesMode":"REALTIME_UPDATES_MODE_ENABLED","etag":"INXuq6ewhZQDMIbli52u5pID"}
[info] i  firestore: The following indexes are defined in your project but are not present in your firestore indexes file:
	(clicks) -- (userId,ASCENDING) (workspaceId,ASCENDING) (timestamp,ASCENDING)  -- Density:SPARSE_ALL 
	(shortUrls) -- (userId,ASCENDING) (createdAt,DESCENDING)  -- Density:SPARSE_ALL 
	(qr-templates) -- (workspaceId,ASCENDING) (createdAt,DESCENDING)  -- Density:SPARSE_ALL 
	(clicks) -- (workspaceId,ASCENDING) (timestamp,ASCENDING)  -- Density:SPARSE_ALL 
	(qr-templates) -- (ownerId,ASCENDING) (workspaceId,ASCENDING) (createdAt,DESCENDING)  -- Density:SPARSE_ALL  
[info] ✔  firestore: deployed indexes in firestore.indexes.json successfully for (default) database 
[debug] [2026-04-24T01:53:14.336Z] Checked if tokens are valid: true, expires at: 1776997897554
[debug] [2026-04-24T01:53:14.336Z] Checked if tokens are valid: true, expires at: 1776997897554
[debug] [2026-04-24T01:53:14.337Z] >>> [apiv2][query] GET https://cloudbilling.googleapis.com/v1/projects/linkifyurl/billingInfo [none]
[debug] [2026-04-24T01:53:15.018Z] <<< [apiv2][status] GET https://cloudbilling.googleapis.com/v1/projects/linkifyurl/billingInfo 200
[debug] [2026-04-24T01:53:15.018Z] <<< [apiv2][body] GET https://cloudbilling.googleapis.com/v1/projects/linkifyurl/billingInfo {"name":"projects/linkifyurl/billingInfo","projectId":"linkifyurl","billingAccountName":"billingAccounts/01279A-6D78C9-506BCB","billingEnabled":true}
[debug] [2026-04-24T01:53:15.020Z] Checked if tokens are valid: true, expires at: 1776997897554
[debug] [2026-04-24T01:53:15.020Z] Checked if tokens are valid: true, expires at: 1776997897554
[debug] [2026-04-24T01:53:15.020Z] >>> [apiv2][query] POST https://cloudfunctions.googleapis.com/v2/projects/linkifyurl/locations/us-central1/functions:generateUploadUrl [none]
[debug] [2026-04-24T01:53:16.044Z] <<< [apiv2][status] POST https://cloudfunctions.googleapis.com/v2/projects/linkifyurl/locations/us-central1/functions:generateUploadUrl 200
[debug] [2026-04-24T01:53:16.045Z] <<< [apiv2][body] POST https://cloudfunctions.googleapis.com/v2/projects/linkifyurl/locations/us-central1/functions:generateUploadUrl {"uploadUrl":"https://storage.googleapis.com/gcf-v2-uploads-296797983995.us-central1.cloudfunctions.appspot.com/8f603caa-b6fb-4a30-af01-c8e3f99fd40b.zip?GoogleAccessId=service-296797983995@gcf-admin-robot.iam.gserviceaccount.com&Expires=1776997396&Signature=6CVICzNjLS8bSbXhiXjfy7dyCaeUiDBvR2dMDkRHDZoZ4GemlIwf6TrsUk7EYfLal6mk4JsK7Og%2F7te3Nukb7d%2FLXQyB9iRmm48ivh5N5KOqZLUjczZCk1kE8uy6SujqEbwj%2B%2BPgNLtPJvgmviPAWLqAazPStT8MKLRl1ZkrREFDnOKEpoh%2BjvAYBQmHwXJATdFCGYqoSWwAJq2uPzpGc1dbp71Sc2y6dzaeyxZhHQ2ez9aTvZJu46B%2B8dQcbQQxsZLy9k4sRM%2Benid51ocsy3wJQI8F1d5bjhHqlkdT%2BjdyCK6xuP6919fExf6SpJsbdYt06FcQjLW8YRM5Z2teOQ%3D%3D","storageSource":{"bucket":"gcf-v2-uploads-296797983995.us-central1.cloudfunctions.appspot.com","object":"8f603caa-b6fb-4a30-af01-c8e3f99fd40b.zip"}}
[debug] [2026-04-24T01:53:16.046Z] >>> [apiv2][query] PUT https://storage.googleapis.com/gcf-v2-uploads-296797983995.us-central1.cloudfunctions.appspot.com/8f603caa-b6fb-4a30-af01-c8e3f99fd40b.zip GoogleAccessId=service-296797983995%40gcf-admin-robot.iam.gserviceaccount.com&Expires=1776997396&Signature=6CVICzNjLS8bSbXhiXjfy7dyCaeUiDBvR2dMDkRHDZoZ4GemlIwf6TrsUk7EYfLal6mk4JsK7Og%2F7te3Nukb7d%2FLXQyB9iRmm48ivh5N5KOqZLUjczZCk1kE8uy6SujqEbwj%2B%2BPgNLtPJvgmviPAWLqAazPStT8MKLRl1ZkrREFDnOKEpoh%2BjvAYBQmHwXJATdFCGYqoSWwAJq2uPzpGc1dbp71Sc2y6dzaeyxZhHQ2ez9aTvZJu46B%2B8dQcbQQxsZLy9k4sRM%2Benid51ocsy3wJQI8F1d5bjhHqlkdT%2BjdyCK6xuP6919fExf6SpJsbdYt06FcQjLW8YRM5Z2teOQ%3D%3D
[debug] [2026-04-24T01:53:16.046Z] >>> [apiv2][body] PUT https://storage.googleapis.com/gcf-v2-uploads-296797983995.us-central1.cloudfunctions.appspot.com/8f603caa-b6fb-4a30-af01-c8e3f99fd40b.zip [stream]
[debug] [2026-04-24T01:53:17.249Z] <<< [apiv2][status] PUT https://storage.googleapis.com/gcf-v2-uploads-296797983995.us-central1.cloudfunctions.appspot.com/8f603caa-b6fb-4a30-af01-c8e3f99fd40b.zip 200
[debug] [2026-04-24T01:53:17.249Z] <<< [apiv2][body] PUT https://storage.googleapis.com/gcf-v2-uploads-296797983995.us-central1.cloudfunctions.appspot.com/8f603caa-b6fb-4a30-af01-c8e3f99fd40b.zip [omitted]
[info] ✔  functions: functions source uploaded successfully 
[info] i  hosting[linkifyurl]: beginning deploy... 
[info] i  hosting[linkifyurl]: found 51 files in dist/url-shortner/browser 
[debug] [2026-04-24T01:53:17.269Z] [hosting] uploading with 200 concurrency
[debug] [2026-04-24T01:53:17.275Z] Checked if tokens are valid: true, expires at: 1776997897554
[debug] [2026-04-24T01:53:17.275Z] Checked if tokens are valid: true, expires at: 1776997897554
[debug] [2026-04-24T01:53:17.276Z] [hosting] hash cache [ZGlzdC91cmwtc2hvcnRuZXIvYnJvd3Nlcg] stored for 51 files
[debug] [2026-04-24T01:53:17.276Z] [hosting][hash queue][FINAL] {"max":3,"min":0,"avg":0.9803921568627451,"active":0,"complete":51,"success":51,"errored":0,"retried":0,"total":51,"elapsed":4}
[debug] [2026-04-24T01:53:17.277Z] >>> [apiv2][query] POST https://firebasehosting.googleapis.com/v1beta1/projects/296797983995/sites/linkifyurl/versions/b219ec8b160ff791:populateFiles [none]
[debug] [2026-04-24T01:53:17.277Z] >>> [apiv2][body] POST https://firebasehosting.googleapis.com/v1beta1/projects/296797983995/sites/linkifyurl/versions/b219ec8b160ff791:populateFiles {"files":{"/styles-6S3RCK5J.css":"6215202d6ec54aca8a4722c16baceada350e16b5b93bd528df0be5842b7b2685","/polyfills-B6TNHZQ6.js":"5c921736ba8c21732ca052dd1b7f29df12e4a444cc3cedcb9bd1ad7faa0fe6c8","/main-Q5FMOMTF.js":"f0bfcb87ae43226cad444e6022487a04ecd8b5dec8f3c5e3d123ee8ecced7fc9","/index.html":"478722c2abfc4e9bdca24184c0d149e237adf5f0d8e1787755361ceebec1365c","/favicon.ico":"33b20448f42aec72e94c59be8f2f20e358bade6bef0d0a9ce1ef904447d9d464","/chunk-YUHEBZED.js":"d5847c8799f6cc9187e523806cd4e68fc798466f2e9e4a481177a1384bafcd59","/chunk-YSMKUZFC.js":"409d0f0c6e1f43bfaf38e80f9ea91e28fad7ff1dd87f08578e03127c88b04178","/chunk-Y2ANU3P5.js":"766987deb04b3438323bbddac771375bce2245e63f7e8ff8e6e804ade7df614c","/chunk-VHXJK46Z.js":"e4b991392962f33a85afc91e505791a299a83e2b3c3d57ac6c13e670df9262cf","/chunk-V4REJTUK.js":"ee06e338ad7900c3c257148221d9946a79f40821b9287cfb6865a5645da9b0bd","/chunk-UMSBFSZJ.js":"0d7f3544e0b340ad3779d3fc49630573d831511c7243ab76a1dd2f719e942fd9","/chunk-TDLGKFYM.js":"4c91c4b913829b10852b03acf50a09f4b7bc7699fbc0ad19edfbd79f01ef03bb","/chunk-RDJQGTBK.js":"aa56256ff7ddd7d8aac50931ffd10683cbcd789da06b1d3c93acd681115ddad3","/chunk-QZMMTBLM.js":"4a33357c8526218d7b4400b5360c7925c22986ad200165cfc6f32c5cc92b95ad","/chunk-PWKMXQXM.js":"82e5c29189ed8ef32a2d8e0eaf379d876582290e10be43ff76472399cc309ae7","/chunk-NFWDOGJ4.js":"e2d7e3e540503206fa104b086f0a66601c15bd23255f52bf1f8b2a4b2901e0d4","/chunk-KGIKY2L3.js":"e1c8d494615bbe7a1ec0b8d7a8a7cc4269b8769b74c5ef4db3ed647d3d963f36","/chunk-HHZF4JRN.js":"8756bbeba868cdf2d9e6ddc271a47b7efd58514736f627605692bae8ceda8619","/chunk-FV5M6ABR.js":"1c963cd5e58562c1fecee570dcc8df5f743ac8d83f54bfb28fb678994cd3b062","/chunk-BHTN25RY.js":"c4b396036cdf7faf3a5ba043a80aa94be2e22b4ddb02383a503c192bfbcd568d","/chunk-APCGBXBS.js":"fc610a2c017d9c0bf8edfe3aaebeb60d08749b8985198d729fc1ae508fd53f89","/chunk-A4FH6UWR.js":"4eb9694f3c38d3252158453dd0328764ee1db5f970fc4b96d8afec9a9925ea3a","/chunk-62FL4Q6P.js":"6203e64e138796ed2e7d0f75968c687c350a29c5f4a54798f731bb0666572e99","/chunk-5R67M24B.js":"543a76c4b38710a5dfd25fb24f72af28ab3467ce3e7239389f830b4a199d0b45","/chunk-5KOOROO5.js":"412c0055248daabb626a9a09cc7361f71eb0e47a97898fe8441af846641a05c5","/chunk-4Z4K2CMW.js":"3036d2fdaeb68123074dc8545c95716f44e78f39b8792935c61c0b6ab2e1e3cb","/chunk-3RC5CP2T.js":"100a99cb56e4651066997806dbdf5121eb2896fbbc191b8474b6b8ec6cee34d6","/chunk-3HFWHSVB.js":"eee318f0951921c0f2e4e3db43250505467363467dda15402697c80ff85fb654","/chunk-3DFJJY7R.js":"2ef82b3d736c9da5e41b3e9ae64f93d342a5655ec5de7ce98a00c01902154be1","/media/marker-icon-2V3QKKVC.png":"abf202b4320f8ad8f49b4539646ca5229f5d22c7646d5cbe1330608dc9707c0b","/media/layers-55W3Q4RM.png":"936eb9d3b0358fcf2574e08cdb851ba88993f01079d60f78249124da2c345970","/media/layers-2x-TBM42ERR.png":"2375c6a391f52637357b5a47e32a68f1487c9d1093a432e75b2c90b3d4e92e3f","/media/fa-v4compatibility-WACJNF5X.woff2":"5cbd0bb99272b245d47402b7fe29da784e1e1100c32fd3afcd1a8168cb5bf438","/media/fa-solid-900-6JWCQRDQ.woff2":"ed9662b2731133bc1d30ee06da006021c399c0ced15abecbea5d13d3b0479e5e","/media/fa-regular-400-UOSVBSEG.woff2":"276b42113d48e7e94e9779baf730275260b8d6c3183e707ddc55b88e29a3b72f","/media/fa-brands-400-E3YNADOB.woff2":"87ed5fd35b0ee727757fd1b9127acd6f0ef9b12afd3d166590c8711d13683323","/assets/world.geo.json":"f8c4df113ebf74fb9090b00f66e44aac601d7afb5e7564feeb6e29d9e4b82d32","/assets/google_logo.png":"0bf8cf0c7810dbdf9aa4743867f59ad7d4b62dfd2934305b3d8904b53dcb66e4","/assets/google-logo.svg":"4f12622bd3fb688bc1c31df8d4e7d46652111db5e9555e1c946cc37943982144","/assets/default-avatar.png":"9bff74eb72eb72b6bb8971b80094a1694aa528772f8d0c75beebcd8ee8e5814a","/assets/logos/youtube.png":"802342d9d25dcf8beac4727111afb9c2d71dcbcdc8d1c12995d73b5f5fb50698","/assets/logos/x.png":"22ea2e5ad197e9e9b5cffb9d4f5c558047863224e3e3cfe38a570c8b5edbe231","/assets/logos/whatsapp.png":"85ec865666e7834bb55f066b43c9d78e2e7482b602496d5448b3d131082a2247","/assets/logos/websitelogo.png":"e48ee39b868a814bdb8645175958e575d6ac2755529aaffe69238c1313667b4b","/assets/logos/tiktok.png":"480161e35c8aeb2d7ceb0e8ca93b244a5dc1468bbf6893aea6912ef4fe715715","/assets/logos/telegram.png":"8f409d0814773a96e41c121995bacf68eb94dab9cc9c613398ca432c8a658701","/assets/logos/linkedin.png":"fff2bf4c2490bb496278b1a7c2203d59b56f22731dba5e31afb1a70b0f639967","/assets/logos/instagram.png":"1b2662cb2b747c7fcd4eb6f1e7c8ed1fda0541282481f024aa35ff5484db9006","/assets/logos/github.png":"43bca18247d4a953d7922625ad99da886dd706c12603f930545624db89c4b71a","/assets/logos/facebook.png":"3b9d4cd08b42c76ace786e59aefdd10cba7cc228a75c6e939f998df12b48f6a6","/assets/logos/email.png":"8f1a697888294432ace116ad220d71ca692fb6da8f53eb8453a290d530de6be1"}}
